0 info it worked if it ends with ok
1 verbose cli [ '/usr/local/bin/node', '/usr/local/bin/npm', 'install' ]
2 info using npm@3.10.10
3 info using node@v6.11.5
4 silly loadCurrentTree Starting
5 silly install loadCurrentTree
6 silly install readLocalPackageData
7 silly install normalizeTree
8 silly loadCurrentTree Finishing
9 silly loadIdealTree Starting
10 silly install loadIdealTree
11 silly cloneCurrentTree Starting
12 silly install cloneCurrentTreeToIdealTree
13 silly cloneCurrentTree Finishing
14 silly loadShrinkwrap Starting
15 silly install loadShrinkwrap
16 silly loadShrinkwrap Finishing
17 silly loadAllDepsIntoIdealTree Starting
18 silly install loadAllDepsIntoIdealTree
19 silly fetchNamedPackageData node
20 silly mapToRegistry name node
21 silly mapToRegistry using default registry
22 silly mapToRegistry registry https://registry.npmjs.org/
23 silly mapToRegistry data Result {
23 silly mapToRegistry   raw: 'node',
23 silly mapToRegistry   scope: null,
23 silly mapToRegistry   escapedName: 'node',
23 silly mapToRegistry   name: 'node',
23 silly mapToRegistry   rawSpec: '',
23 silly mapToRegistry   spec: 'latest',
23 silly mapToRegistry   type: 'tag' }
24 silly mapToRegistry uri https://registry.npmjs.org/node
25 verbose request uri https://registry.npmjs.org/node
26 verbose request no auth needed
27 info attempt registry request try #1 at 11:12:41 AM
28 verbose request id fdcb92e9d8f41189
29 verbose etag W/"5a0d194c-5130e"
30 verbose lastModified Thu, 16 Nov 2017 04:51:24 GMT
31 http request GET https://registry.npmjs.org/node
32 http 304 https://registry.npmjs.org/node
33 verbose headers { date: 'Tue, 21 Nov 2017 11:12:41 GMT',
33 verbose headers   via: '1.1 varnish',
33 verbose headers   'cache-control': 'max-age=300',
33 verbose headers   etag: 'W/"5a0d194c-5130e"',
33 verbose headers   age: '261',
33 verbose headers   connection: 'keep-alive',
33 verbose headers   'x-served-by': 'cache-lcy19226-LCY',
33 verbose headers   'x-cache': 'HIT',
33 verbose headers   'x-cache-hits': '1',
33 verbose headers   'x-timer': 'S1511262762.841487,VS0,VE1',
33 verbose headers   vary: 'Accept-Encoding, Accept' }
34 silly get cb [ 304,
34 silly get   { date: 'Tue, 21 Nov 2017 11:12:41 GMT',
34 silly get     via: '1.1 varnish',
34 silly get     'cache-control': 'max-age=300',
34 silly get     etag: 'W/"5a0d194c-5130e"',
34 silly get     age: '261',
34 silly get     connection: 'keep-alive',
34 silly get     'x-served-by': 'cache-lcy19226-LCY',
34 silly get     'x-cache': 'HIT',
34 silly get     'x-cache-hits': '1',
34 silly get     'x-timer': 'S1511262762.841487,VS0,VE1',
34 silly get     vary: 'Accept-Encoding, Accept' } ]
35 verbose etag https://registry.npmjs.org/node from cache
36 verbose get saving node to /Users/rhys/.npm/registry.npmjs.org/node/.cache.json
37 verbose correctMkdir /Users/rhys/.npm correctMkdir not in flight; initializing
38 silly resolveWithNewModule node@0.12.0 checking installable status
39 silly cache add args [ 'node@0.12.0', null ]
40 verbose cache add spec node@0.12.0
41 silly cache add parsed spec Result {
41 silly cache add   raw: 'node@0.12.0',
41 silly cache add   scope: null,
41 silly cache add   escapedName: 'node',
41 silly cache add   name: 'node',
41 silly cache add   rawSpec: '0.12.0',
41 silly cache add   spec: '0.12.0',
41 silly cache add   type: 'version' }
42 silly addNamed node@0.12.0
43 verbose addNamed "0.12.0" is a plain semver version for node
44 silly mapToRegistry name node
45 silly mapToRegistry using default registry
46 silly mapToRegistry registry https://registry.npmjs.org/
47 silly mapToRegistry data Result {
47 silly mapToRegistry   raw: 'node',
47 silly mapToRegistry   scope: null,
47 silly mapToRegistry   escapedName: 'node',
47 silly mapToRegistry   name: 'node',
47 silly mapToRegistry   rawSpec: '',
47 silly mapToRegistry   spec: 'latest',
47 silly mapToRegistry   type: 'tag' }
48 silly mapToRegistry uri https://registry.npmjs.org/node
49 verbose addNameVersion registry:https://registry.npmjs.org/node not in flight; fetching
50 verbose get https://registry.npmjs.org/node not expired, no request
51 silly mapToRegistry name node
52 silly mapToRegistry using default registry
53 silly mapToRegistry registry https://registry.npmjs.org/
54 silly mapToRegistry data Result {
54 silly mapToRegistry   raw: 'node',
54 silly mapToRegistry   scope: null,
54 silly mapToRegistry   escapedName: 'node',
54 silly mapToRegistry   name: 'node',
54 silly mapToRegistry   rawSpec: '',
54 silly mapToRegistry   spec: 'latest',
54 silly mapToRegistry   type: 'tag' }
55 silly mapToRegistry uri https://registry.npmjs.org/node
56 verbose addRemoteTarball https://registry.npmjs.org/node/-/node-0.12.0.tgz not in flight; adding
57 verbose addRemoteTarball [ 'https://registry.npmjs.org/node/-/node-0.12.0.tgz',
57 verbose addRemoteTarball   '2b49d59059ad41aa86424770f39fb0ed5e632d31' ]
58 info retry fetch attempt 1 at 11:12:41 AM
59 info attempt registry request try #1 at 11:12:41 AM
60 http fetch GET https://registry.npmjs.org/node/-/node-0.12.0.tgz
61 http fetch 200 https://registry.npmjs.org/node/-/node-0.12.0.tgz
62 silly fetchAndShaCheck shasum 2b49d59059ad41aa86424770f39fb0ed5e632d31
63 verbose addTmpTarball /var/folders/_2/hy9qzgbs4rj2xxd0x1b3ll0m0000gr/T/npm-1793-f8fe255c/registry.npmjs.org/node/-/node-0.12.0.tgz not in flight; adding
64 verbose addTmpTarball already have metadata; skipping unpack for node@0.12.0
65 verbose correctMkdir /Users/rhys/.npm correctMkdir not in flight; initializing
66 silly cache afterAdd node@0.12.0
67 verbose afterAdd /Users/rhys/.npm/node/0.12.0/package/package.json not in flight; writing
68 verbose correctMkdir /Users/rhys/.npm correctMkdir not in flight; initializing
69 verbose afterAdd /Users/rhys/.npm/node/0.12.0/package/package.json written
70 silly fetchNamedPackageData node-bin-setup
71 silly mapToRegistry name node-bin-setup
72 silly mapToRegistry using default registry
73 silly mapToRegistry registry https://registry.npmjs.org/
74 silly mapToRegistry data Result {
74 silly mapToRegistry   raw: 'node-bin-setup',
74 silly mapToRegistry   scope: null,
74 silly mapToRegistry   escapedName: 'node-bin-setup',
74 silly mapToRegistry   name: 'node-bin-setup',
74 silly mapToRegistry   rawSpec: '',
74 silly mapToRegistry   spec: 'latest',
74 silly mapToRegistry   type: 'tag' }
75 silly mapToRegistry uri https://registry.npmjs.org/node-bin-setup
76 verbose request uri https://registry.npmjs.org/node-bin-setup
77 verbose request no auth needed
78 info attempt registry request try #1 at 11:12:42 AM
79 verbose etag W/"5976bbea-1511"
80 verbose lastModified Tue, 25 Jul 2017 03:32:58 GMT
81 http request GET https://registry.npmjs.org/node-bin-setup
82 http 304 https://registry.npmjs.org/node-bin-setup
83 verbose headers { date: 'Tue, 21 Nov 2017 11:12:42 GMT',
83 verbose headers   via: '1.1 varnish',
83 verbose headers   'cache-control': 'max-age=300',
83 verbose headers   etag: 'W/"5976bbea-1511"',
83 verbose headers   age: '260',
83 verbose headers   connection: 'keep-alive',
83 verbose headers   'x-served-by': 'cache-lcy19226-LCY',
83 verbose headers   'x-cache': 'HIT',
83 verbose headers   'x-cache-hits': '1',
83 verbose headers   'x-timer': 'S1511262762.300969,VS0,VE0',
83 verbose headers   vary: 'Accept-Encoding, Accept' }
84 silly get cb [ 304,
84 silly get   { date: 'Tue, 21 Nov 2017 11:12:42 GMT',
84 silly get     via: '1.1 varnish',
84 silly get     'cache-control': 'max-age=300',
84 silly get     etag: 'W/"5976bbea-1511"',
84 silly get     age: '260',
84 silly get     connection: 'keep-alive',
84 silly get     'x-served-by': 'cache-lcy19226-LCY',
84 silly get     'x-cache': 'HIT',
84 silly get     'x-cache-hits': '1',
84 silly get     'x-timer': 'S1511262762.300969,VS0,VE0',
84 silly get     vary: 'Accept-Encoding, Accept' } ]
85 verbose etag https://registry.npmjs.org/node-bin-setup from cache
86 verbose get saving node-bin-setup to /Users/rhys/.npm/registry.npmjs.org/node-bin-setup/.cache.json
87 verbose correctMkdir /Users/rhys/.npm correctMkdir not in flight; initializing
88 silly resolveWithNewModule node-bin-setup@1.0.6 checking installable status
89 silly cache add args [ 'node-bin-setup@^1.0.0', null ]
90 verbose cache add spec node-bin-setup@^1.0.0
91 silly cache add parsed spec Result {
91 silly cache add   raw: 'node-bin-setup@^1.0.0',
91 silly cache add   scope: null,
91 silly cache add   escapedName: 'node-bin-setup',
91 silly cache add   name: 'node-bin-setup',
91 silly cache add   rawSpec: '^1.0.0',
91 silly cache add   spec: '>=1.0.0 <2.0.0',
91 silly cache add   type: 'range' }
92 silly addNamed node-bin-setup@>=1.0.0 <2.0.0
93 verbose addNamed ">=1.0.0 <2.0.0" is a valid semver range for node-bin-setup
94 silly addNameRange { name: 'node-bin-setup',
94 silly addNameRange   range: '>=1.0.0 <2.0.0',
94 silly addNameRange   hasData: false }
95 silly mapToRegistry name node-bin-setup
96 silly mapToRegistry using default registry
97 silly mapToRegistry registry https://registry.npmjs.org/
98 silly mapToRegistry data Result {
98 silly mapToRegistry   raw: 'node-bin-setup',
98 silly mapToRegistry   scope: null,
98 silly mapToRegistry   escapedName: 'node-bin-setup',
98 silly mapToRegistry   name: 'node-bin-setup',
98 silly mapToRegistry   rawSpec: '',
98 silly mapToRegistry   spec: 'latest',
98 silly mapToRegistry   type: 'tag' }
99 silly mapToRegistry uri https://registry.npmjs.org/node-bin-setup
100 verbose addNameRange registry:https://registry.npmjs.org/node-bin-setup not in flight; fetching
101 verbose get https://registry.npmjs.org/node-bin-setup not expired, no request
102 silly addNameRange number 2 { name: 'node-bin-setup',
102 silly addNameRange   range: '>=1.0.0 <2.0.0',
102 silly addNameRange   hasData: true }
103 silly addNameRange versions [ 'node-bin-setup',
103 silly addNameRange   [ '1.0.0', '1.0.1', '1.0.2', '1.0.3', '1.0.4', '1.0.6' ] ]
104 silly addNamed node-bin-setup@1.0.6
105 verbose addNamed "1.0.6" is a plain semver version for node-bin-setup
106 silly cache afterAdd node-bin-setup@1.0.6
107 verbose afterAdd /Users/rhys/.npm/node-bin-setup/1.0.6/package/package.json not in flight; writing
108 verbose correctMkdir /Users/rhys/.npm correctMkdir not in flight; initializing
109 verbose afterAdd /Users/rhys/.npm/node-bin-setup/1.0.6/package/package.json written
110 silly loadAllDepsIntoIdealTree Finishing
111 silly loadIdealTree Finishing
112 silly currentTree one-time-secret@1.0.0
112 silly currentTree ├── abbrev@1.1.1
112 silly currentTree ├── accepts@1.3.4
112 silly currentTree ├─┬ acorn-dynamic-import@2.0.2
112 silly currentTree │ └── acorn@4.0.13
112 silly currentTree ├── acorn@5.2.1
112 silly currentTree ├── ajv-keywords@2.1.1
112 silly currentTree ├── ajv@5.3.0
112 silly currentTree ├── align-text@0.1.4
112 silly currentTree ├── alphanum-sort@1.0.2
112 silly currentTree ├── amdefine@1.0.1
112 silly currentTree ├── ansi-html@0.0.7
112 silly currentTree ├── ansi-regex@2.1.1
112 silly currentTree ├── ansi-styles@2.2.1
112 silly currentTree ├── anymatch@1.3.2
112 silly currentTree ├── aproba@1.2.0
112 silly currentTree ├── are-we-there-yet@1.1.4
112 silly currentTree ├── argparse@1.0.9
112 silly currentTree ├── arr-diff@2.0.0
112 silly currentTree ├── arr-flatten@1.1.0
112 silly currentTree ├── array-find-index@1.0.2
112 silly currentTree ├── array-flatten@2.1.1
112 silly currentTree ├── array-includes@3.0.3
112 silly currentTree ├── array-union@1.0.2
112 silly currentTree ├── array-uniq@1.0.3
112 silly currentTree ├── array-unique@0.2.1
112 silly currentTree ├── asn1.js@4.9.2
112 silly currentTree ├── asn1@0.2.3
112 silly currentTree ├── assert-plus@1.0.0
112 silly currentTree ├── assert@1.4.1
112 silly currentTree ├── async-each@1.0.1
112 silly currentTree ├── async-foreach@0.1.3
112 silly currentTree ├── async@2.6.0
112 silly currentTree ├── asynckit@0.4.0
112 silly currentTree ├── autoprefixer@6.7.7
112 silly currentTree ├── aws-sign2@0.7.0
112 silly currentTree ├── aws4@1.6.0
112 silly currentTree ├── babel-code-frame@6.26.0
112 silly currentTree ├── balanced-match@0.4.2
112 silly currentTree ├── base64-js@1.2.1
112 silly currentTree ├── batch@0.6.1
112 silly currentTree ├── bcrypt-pbkdf@1.0.1
112 silly currentTree ├── big.js@3.2.0
112 silly currentTree ├── bin-pack@1.0.2
112 silly currentTree ├── binary-extensions@1.10.0
112 silly currentTree ├── block-stream@0.0.9
112 silly currentTree ├── bn.js@4.11.8
112 silly currentTree ├─┬ body-parser@1.18.2
112 silly currentTree │ └── debug@2.6.9
112 silly currentTree ├── bonjour@3.5.0
112 silly currentTree ├── boom@4.3.1
112 silly currentTree ├── bootstrap-sass@3.3.7
112 silly currentTree ├─┬ brace-expansion@1.1.8
112 silly currentTree │ └── balanced-match@1.0.0
112 silly currentTree ├── braces@1.8.5
112 silly currentTree ├── brorand@1.1.0
112 silly currentTree ├── browserify-aes@1.1.1
112 silly currentTree ├── browserify-cipher@1.0.0
112 silly currentTree ├── browserify-des@1.0.0
112 silly currentTree ├── browserify-rsa@4.0.1
112 silly currentTree ├── browserify-sign@4.0.4
112 silly currentTree ├── browserify-zlib@0.2.0
112 silly currentTree ├── browserslist@1.7.7
112 silly currentTree ├── buffer-indexof@1.1.1
112 silly currentTree ├── buffer-xor@1.0.3
112 silly currentTree ├── buffer@4.9.1
112 silly currentTree ├── builtin-modules@1.1.1
112 silly currentTree ├── builtin-status-codes@3.0.0
112 silly currentTree ├── bytes@3.0.0
112 silly currentTree ├─┬ camelcase-keys@2.1.0
112 silly currentTree │ └── camelcase@2.1.1
112 silly currentTree ├── camelcase@1.2.1
112 silly currentTree ├── caniuse-api@1.6.1
112 silly currentTree ├── caniuse-db@1.0.30000766
112 silly currentTree ├── caseless@0.12.0
112 silly currentTree ├─┬ center-align@0.1.3
112 silly currentTree │ └── lazy-cache@1.0.4
112 silly currentTree ├── chalk@1.1.3
112 silly currentTree ├── chokidar@1.7.0
112 silly currentTree ├── cipher-base@1.0.4
112 silly currentTree ├── clap@1.2.3
112 silly currentTree ├── clipboard@1.7.1
112 silly currentTree ├── cliui@2.1.0
112 silly currentTree ├── clone-deep@0.3.0
112 silly currentTree ├── clone-stats@0.0.1
112 silly currentTree ├── clone@1.0.3
112 silly currentTree ├── co@4.6.0
112 silly currentTree ├── coa@1.0.4
112 silly currentTree ├── code-point-at@1.1.0
112 silly currentTree ├── color-convert@1.9.1
112 silly currentTree ├── color-name@1.1.3
112 silly currentTree ├── color-string@0.3.0
112 silly currentTree ├── color@0.11.4
112 silly currentTree ├── colormin@1.1.2
112 silly currentTree ├── colors@1.1.2
112 silly currentTree ├── combined-stream@1.0.5
112 silly currentTree ├── compressible@2.0.12
112 silly currentTree ├─┬ compression@1.7.1
112 silly currentTree │ └── debug@2.6.9
112 silly currentTree ├── concat-map@0.0.1
112 silly currentTree ├─┬ concat-stream@1.5.2
112 silly currentTree │ ├── readable-stream@2.0.6
112 silly currentTree │ └── string_decoder@0.10.31
112 silly currentTree ├── connect-history-api-fallback@1.5.0
112 silly currentTree ├── console-browserify@1.1.0
112 silly currentTree ├── console-control-strings@1.1.0
112 silly currentTree ├── constants-browserify@1.0.0
112 silly currentTree ├── content-disposition@0.5.2
112 silly currentTree ├── content-type@1.0.4
112 silly currentTree ├─┬ contentstream@1.0.0
112 silly currentTree │ ├── isarray@0.0.1
112 silly currentTree │ ├── readable-stream@1.0.34
112 silly currentTree │ └── string_decoder@0.10.31
112 silly currentTree ├── cookie-signature@1.0.6
112 silly currentTree ├── cookie@0.3.1
112 silly currentTree ├── core-util-is@1.0.2
112 silly currentTree ├── create-ecdh@4.0.0
112 silly currentTree ├── create-hash@1.1.3
112 silly currentTree ├── create-hmac@1.1.6
112 silly currentTree ├── cross-spawn@5.1.0
112 silly currentTree ├─┬ cryptiles@3.1.2
112 silly currentTree │ └── boom@5.2.0
112 silly currentTree ├── crypto-browserify@3.12.0
112 silly currentTree ├── css-color-names@0.0.4
112 silly currentTree ├── css-loader@0.28.7
112 silly currentTree ├── css-selector-tokenizer@0.7.0
112 silly currentTree ├── cssesc@0.1.0
112 silly currentTree ├── cssnano@3.10.0
112 silly currentTree ├── csso@2.3.2
112 silly currentTree ├── currently-unhandled@0.4.1
112 silly currentTree ├── cwise-compiler@1.1.3
112 silly currentTree ├─┬ cwise-parser@1.0.3
112 silly currentTree │ └── esprima@1.2.5
112 silly currentTree ├── cwise@1.0.10
112 silly currentTree ├── d@1.0.0
112 silly currentTree ├── dashdash@1.14.1
112 silly currentTree ├── data-uri-to-buffer@0.0.3
112 silly currentTree ├── date-now@0.1.4
112 silly currentTree ├── debug@3.1.0
112 silly currentTree ├── decamelize@1.2.0
112 silly currentTree ├── deep-equal@1.0.1
112 silly currentTree ├── define-properties@1.1.2
112 silly currentTree ├── defined@1.0.0
112 silly currentTree ├── del@3.0.0
112 silly currentTree ├── delayed-stream@1.0.0
112 silly currentTree ├── delegate@3.1.3
112 silly currentTree ├── delegates@1.0.0
112 silly currentTree ├── depd@1.1.1
112 silly currentTree ├── des.js@1.0.0
112 silly currentTree ├── destroy@1.0.4
112 silly currentTree ├── detect-node@2.0.3
112 silly currentTree ├── diffie-hellman@5.0.2
112 silly currentTree ├── dns-equal@1.0.0
112 silly currentTree ├── dns-packet@1.2.2
112 silly currentTree ├── dns-txt@2.0.2
112 silly currentTree ├── domain-browser@1.1.7
112 silly currentTree ├─┬ duplexer2@0.0.2
112 silly currentTree │ ├── isarray@0.0.1
112 silly currentTree │ ├── readable-stream@1.1.14
112 silly currentTree │ └── string_decoder@0.10.31
112 silly currentTree ├── ecc-jsbn@0.1.1
112 silly currentTree ├── ee-first@1.1.1
112 silly currentTree ├── electron-to-chromium@1.3.27
112 silly currentTree ├── elliptic@6.4.0
112 silly currentTree ├── emojis-list@2.1.0
112 silly currentTree ├── encodeurl@1.0.1
112 silly currentTree ├── enhanced-resolve@3.4.1
112 silly currentTree ├── errno@0.1.4
112 silly currentTree ├── error-ex@1.3.1
112 silly currentTree ├── es-abstract@1.9.0
112 silly currentTree ├── es-to-primitive@1.1.1
112 silly currentTree ├── es5-ext@0.10.35
112 silly currentTree ├── es6-iterator@2.0.3
112 silly currentTree ├── es6-map@0.1.5
112 silly currentTree ├── es6-set@0.1.5
112 silly currentTree ├── es6-symbol@3.1.1
112 silly currentTree ├── es6-weak-map@2.0.2
112 silly currentTree ├── escape-html@1.0.3
112 silly currentTree ├── escape-string-regexp@1.0.5
112 silly currentTree ├─┬ escodegen@1.3.3
112 silly currentTree │ ├── esprima@1.1.1
112 silly currentTree │ ├── estraverse@1.5.1
112 silly currentTree │ ├── esutils@1.0.0
112 silly currentTree │ └── source-map@0.1.43
112 silly currentTree ├── escope@3.6.0
112 silly currentTree ├── esprima@2.7.3
112 silly currentTree ├── esrecurse@4.2.0
112 silly currentTree ├── estraverse@4.2.0
112 silly currentTree ├── esutils@2.0.2
112 silly currentTree ├── etag@1.8.1
112 silly currentTree ├── event-emitter@0.3.5
112 silly currentTree ├── eventemitter3@1.2.0
112 silly currentTree ├── events@1.1.1
112 silly currentTree ├── eventsource@0.1.6
112 silly currentTree ├── evp_bytestokey@1.0.3
112 silly currentTree ├── execa@0.7.0
112 silly currentTree ├── expand-brackets@0.1.5
112 silly currentTree ├── expand-range@1.8.2
112 silly currentTree ├─┬ express@4.16.2
112 silly currentTree │ ├── array-flatten@1.1.1
112 silly currentTree │ └── debug@2.6.9
112 silly currentTree ├── extend@3.0.1
112 silly currentTree ├── extglob@0.3.2
112 silly currentTree ├── extract-text-webpack-plugin@3.0.2
112 silly currentTree ├── extsprintf@1.3.0
112 silly currentTree ├─┬ falafel@2.1.0
112 silly currentTree │ └── isarray@0.0.1
112 silly currentTree ├── fast-deep-equal@1.0.0
112 silly currentTree ├── fast-json-stable-stringify@2.0.0
112 silly currentTree ├── fastparse@1.1.1
112 silly currentTree ├── faye-websocket@0.10.0
112 silly currentTree ├── file-loader@1.1.5
112 silly currentTree ├── filename-regex@2.0.1
112 silly currentTree ├─┬ fill-range@2.2.3
112 silly currentTree │ └── isobject@2.1.0
112 silly currentTree ├─┬ finalhandler@1.1.0
112 silly currentTree │ └── debug@2.6.9
112 silly currentTree ├── find-up@2.1.0
112 silly currentTree ├── first-chunk-stream@1.0.0
112 silly currentTree ├── flatten@1.0.2
112 silly currentTree ├── font-awesome@4.7.0
112 silly currentTree ├── for-in@1.0.2
112 silly currentTree ├── for-own@1.0.0
112 silly currentTree ├── foreach@2.0.5
112 silly currentTree ├── forever-agent@0.6.1
112 silly currentTree ├── form-data@2.3.1
112 silly currentTree ├── forwarded@0.1.2
112 silly currentTree ├── fresh@0.5.2
112 silly currentTree ├── fs.realpath@1.0.0
112 silly currentTree ├─┬ fsevents@1.1.3
112 silly currentTree │ ├── abbrev@1.1.0
112 silly currentTree │ ├── ajv@4.11.8
112 silly currentTree │ ├── ansi-regex@2.1.1
112 silly currentTree │ ├── aproba@1.1.1
112 silly currentTree │ ├── are-we-there-yet@1.1.4
112 silly currentTree │ ├── asn1@0.2.3
112 silly currentTree │ ├── assert-plus@0.2.0
112 silly currentTree │ ├── asynckit@0.4.0
112 silly currentTree │ ├── aws-sign2@0.6.0
112 silly currentTree │ ├── aws4@1.6.0
112 silly currentTree │ ├── balanced-match@0.4.2
112 silly currentTree │ ├── bcrypt-pbkdf@1.0.1
112 silly currentTree │ ├── block-stream@0.0.9
112 silly currentTree │ ├── boom@2.10.1
112 silly currentTree │ ├── brace-expansion@1.1.7
112 silly currentTree │ ├── buffer-shims@1.0.0
112 silly currentTree │ ├── caseless@0.12.0
112 silly currentTree │ ├── co@4.6.0
112 silly currentTree │ ├── code-point-at@1.1.0
112 silly currentTree │ ├── combined-stream@1.0.5
112 silly currentTree │ ├── concat-map@0.0.1
112 silly currentTree │ ├── console-control-strings@1.1.0
112 silly currentTree │ ├── core-util-is@1.0.2
112 silly currentTree │ ├── cryptiles@2.0.5
112 silly currentTree │ ├─┬ dashdash@1.14.1
112 silly currentTree │ │ └── assert-plus@1.0.0
112 silly currentTree │ ├── debug@2.6.8
112 silly currentTree │ ├── deep-extend@0.4.2
112 silly currentTree │ ├── delayed-stream@1.0.0
112 silly currentTree │ ├── delegates@1.0.0
112 silly currentTree │ ├── detect-libc@1.0.2
112 silly currentTree │ ├── ecc-jsbn@0.1.1
112 silly currentTree │ ├── extend@3.0.1
112 silly currentTree │ ├── extsprintf@1.0.2
112 silly currentTree │ ├── forever-agent@0.6.1
112 silly currentTree │ ├── form-data@2.1.4
112 silly currentTree │ ├── fs.realpath@1.0.0
112 silly currentTree │ ├── fstream-ignore@1.0.5
112 silly currentTree │ ├── fstream@1.0.11
112 silly currentTree │ ├── gauge@2.7.4
112 silly currentTree │ ├─┬ getpass@0.1.7
112 silly currentTree │ │ └── assert-plus@1.0.0
112 silly currentTree │ ├── glob@7.1.2
112 silly currentTree │ ├── graceful-fs@4.1.11
112 silly currentTree │ ├── har-schema@1.0.5
112 silly currentTree │ ├── har-validator@4.2.1
112 silly currentTree │ ├── has-unicode@2.0.1
112 silly currentTree │ ├── hawk@3.1.3
112 silly currentTree │ ├── hoek@2.16.3
112 silly currentTree │ ├── http-signature@1.1.1
112 silly currentTree │ ├── inflight@1.0.6
112 silly currentTree │ ├── inherits@2.0.3
112 silly currentTree │ ├── ini@1.3.4
112 silly currentTree │ ├── is-fullwidth-code-point@1.0.0
112 silly currentTree │ ├── is-typedarray@1.0.0
112 silly currentTree │ ├── isarray@1.0.0
112 silly currentTree │ ├── isstream@0.1.2
112 silly currentTree │ ├── jodid25519@1.0.2
112 silly currentTree │ ├── jsbn@0.1.1
112 silly currentTree │ ├── json-schema@0.2.3
112 silly currentTree │ ├── json-stable-stringify@1.0.1
112 silly currentTree │ ├── json-stringify-safe@5.0.1
112 silly currentTree │ ├── jsonify@0.0.0
112 silly currentTree │ ├─┬ jsprim@1.4.0
112 silly currentTree │ │ └── assert-plus@1.0.0
112 silly currentTree │ ├── mime-db@1.27.0
112 silly currentTree │ ├── mime-types@2.1.15
112 silly currentTree │ ├── minimatch@3.0.4
112 silly currentTree │ ├── minimist@0.0.8
112 silly currentTree │ ├── mkdirp@0.5.1
112 silly currentTree │ ├── ms@2.0.0
112 silly currentTree │ ├── node-pre-gyp@0.6.39
112 silly currentTree │ ├── nopt@4.0.1
112 silly currentTree │ ├── npmlog@4.1.0
112 silly currentTree │ ├── number-is-nan@1.0.1
112 silly currentTree │ ├── oauth-sign@0.8.2
112 silly currentTree │ ├── object-assign@4.1.1
112 silly currentTree │ ├── once@1.4.0
112 silly currentTree │ ├── os-homedir@1.0.2
112 silly currentTree │ ├── os-tmpdir@1.0.2
112 silly currentTree │ ├── osenv@0.1.4
112 silly currentTree │ ├── path-is-absolute@1.0.1
112 silly currentTree │ ├── performance-now@0.2.0
112 silly currentTree │ ├── process-nextick-args@1.0.7
112 silly currentTree │ ├── punycode@1.4.1
112 silly currentTree │ ├── qs@6.4.0
112 silly currentTree │ ├─┬ rc@1.2.1
112 silly currentTree │ │ └── minimist@1.2.0
112 silly currentTree │ ├── readable-stream@2.2.9
112 silly currentTree │ ├── request@2.81.0
112 silly currentTree │ ├── rimraf@2.6.1
112 silly currentTree │ ├── safe-buffer@5.0.1
112 silly currentTree │ ├── semver@5.3.0
112 silly currentTree │ ├── set-blocking@2.0.0
112 silly currentTree │ ├── signal-exit@3.0.2
112 silly currentTree │ ├── sntp@1.0.9
112 silly currentTree │ ├─┬ sshpk@1.13.0
112 silly currentTree │ │ └── assert-plus@1.0.0
112 silly currentTree │ ├── string_decoder@1.0.1
112 silly currentTree │ ├── string-width@1.0.2
112 silly currentTree │ ├── stringstream@0.0.5
112 silly currentTree │ ├── strip-ansi@3.0.1
112 silly currentTree │ ├── strip-json-comments@2.0.1
112 silly currentTree │ ├── tar-pack@3.4.0
112 silly currentTree │ ├── tar@2.2.1
112 silly currentTree │ ├── tough-cookie@2.3.2
112 silly currentTree │ ├── tunnel-agent@0.6.0
112 silly currentTree │ ├── tweetnacl@0.14.5
112 silly currentTree │ ├── uid-number@0.0.6
112 silly currentTree │ ├── util-deprecate@1.0.2
112 silly currentTree │ ├── uuid@3.0.1
112 silly currentTree │ ├── verror@1.3.6
112 silly currentTree │ ├── wide-align@1.1.2
112 silly currentTree │ └── wrappy@1.0.2
112 silly currentTree ├── fstream@1.0.11
112 silly currentTree ├── function-bind@1.1.1
112 silly currentTree ├─┬ gauge@2.7.4
112 silly currentTree │ └── string-width@1.0.2
112 silly currentTree ├── gaze@1.1.2
112 silly currentTree ├── get-caller-file@1.0.2
112 silly currentTree ├── get-pixels@3.3.0
112 silly currentTree ├── get-stdin@4.0.1
112 silly currentTree ├── get-stream@3.0.0
112 silly currentTree ├── getpass@0.1.7
112 silly currentTree ├─┬ gif-encoder@0.4.3
112 silly currentTree │ ├── isarray@0.0.1
112 silly currentTree │ ├── readable-stream@1.1.14
112 silly currentTree │ └── string_decoder@0.10.31
112 silly currentTree ├── glob-base@0.3.0
112 silly currentTree ├── glob-parent@2.0.0
112 silly currentTree ├── glob@7.1.2
112 silly currentTree ├─┬ globby@6.1.0
112 silly currentTree │ └── pify@2.3.0
112 silly currentTree ├── globule@1.2.0
112 silly currentTree ├── good-listener@1.2.2
112 silly currentTree ├── graceful-fs@4.1.11
112 silly currentTree ├── handle-thing@1.2.5
112 silly currentTree ├── handlebars-layouts@1.1.0
112 silly currentTree ├─┬ handlebars@4.0.11
112 silly currentTree │ ├── async@1.5.2
112 silly currentTree │ └── source-map@0.4.4
112 silly currentTree ├── har-schema@2.0.0
112 silly currentTree ├── har-validator@5.0.3
112 silly currentTree ├── has-ansi@2.0.0
112 silly currentTree ├── has-flag@1.0.0
112 silly currentTree ├── has-unicode@2.0.1
112 silly currentTree ├── has@1.0.1
112 silly currentTree ├── hash-base@2.0.2
112 silly currentTree ├── hash.js@1.1.3
112 silly currentTree ├── hawk@6.0.2
112 silly currentTree ├── hmac-drbg@1.0.1
112 silly currentTree ├── hoek@4.2.0
112 silly currentTree ├── hosted-git-info@2.5.0
112 silly currentTree ├── hpack.js@2.1.6
112 silly currentTree ├── html-comment-regex@1.1.1
112 silly currentTree ├── html-entities@1.2.1
112 silly currentTree ├── http-deceiver@1.2.7
112 silly currentTree ├─┬ http-errors@1.6.2
112 silly currentTree │ └── setprototypeof@1.0.3
112 silly currentTree ├── http-parser-js@0.4.9
112 silly currentTree ├─┬ http-proxy-middleware@0.17.4
112 silly currentTree │ ├── is-extglob@2.1.1
112 silly currentTree │ └── is-glob@3.1.0
112 silly currentTree ├── http-proxy@1.16.2
112 silly currentTree ├── http-signature@1.2.0
112 silly currentTree ├── https-browserify@1.0.0
112 silly currentTree ├── iconv-lite@0.4.19
112 silly currentTree ├── icss-replace-symbols@1.1.0
112 silly currentTree ├─┬ icss-utils@2.1.0
112 silly currentTree │ ├── ansi-styles@3.2.0
112 silly currentTree │ ├── chalk@2.3.0
112 silly currentTree │ ├── has-flag@2.0.0
112 silly currentTree │ ├── postcss@6.0.14
112 silly currentTree │ ├── source-map@0.6.1
112 silly currentTree │ └── supports-color@4.5.0
112 silly currentTree ├── ieee754@1.1.8
112 silly currentTree ├── import-local@0.1.1
112 silly currentTree ├── in-publish@2.0.0
112 silly currentTree ├── indent-string@2.1.0
112 silly currentTree ├── indexes-of@1.0.1
112 silly currentTree ├── indexof@0.0.1
112 silly currentTree ├── inflight@1.0.6
112 silly currentTree ├── inherits@2.0.3
112 silly currentTree ├── internal-ip@1.2.0
112 silly currentTree ├── interpret@1.0.4
112 silly currentTree ├── invert-kv@1.0.0
112 silly currentTree ├── iojs@1.0.0
112 silly currentTree ├── iota-array@1.0.0
112 silly currentTree ├── ip@1.1.5
112 silly currentTree ├── ipaddr.js@1.5.2
112 silly currentTree ├── is-absolute-url@2.1.0
112 silly currentTree ├── is-arrayish@0.2.1
112 silly currentTree ├── is-binary-path@1.0.1
112 silly currentTree ├── is-buffer@1.1.6
112 silly currentTree ├── is-builtin-module@1.0.0
112 silly currentTree ├── is-callable@1.1.3
112 silly currentTree ├── is-date-object@1.0.1
112 silly currentTree ├── is-dotfile@1.0.3
112 silly currentTree ├── is-equal-shallow@0.1.3
112 silly currentTree ├── is-extendable@0.1.1
112 silly currentTree ├── is-extglob@1.0.0
112 silly currentTree ├── is-finite@1.0.2
112 silly currentTree ├── is-fullwidth-code-point@1.0.0
112 silly currentTree ├── is-glob@2.0.1
112 silly currentTree ├── is-number@2.1.0
112 silly currentTree ├── is-path-cwd@1.0.0
112 silly currentTree ├── is-path-in-cwd@1.0.0
112 silly currentTree ├── is-path-inside@1.0.0
112 silly currentTree ├── is-plain-obj@1.1.0
112 silly currentTree ├── is-plain-object@2.0.4
112 silly currentTree ├── is-posix-bracket@0.1.1
112 silly currentTree ├── is-primitive@2.0.0
112 silly currentTree ├── is-regex@1.0.4
112 silly currentTree ├── is-stream@1.1.0
112 silly currentTree ├── is-svg@2.1.0
112 silly currentTree ├── is-symbol@1.0.1
112 silly currentTree ├── is-typedarray@1.0.0
112 silly currentTree ├── is-utf8@0.2.1
112 silly currentTree ├── is-wsl@1.1.0
112 silly currentTree ├── isarray@1.0.0
112 silly currentTree ├── isexe@2.0.0
112 silly currentTree ├── isobject@3.0.1
112 silly currentTree ├── isstream@0.1.2
112 silly currentTree ├── jpeg-js@0.1.2
112 silly currentTree ├── jquery-placeholder@2.1.1
112 silly currentTree ├── jquery@2.2.4
112 silly currentTree ├── js-base64@2.3.2
112 silly currentTree ├── js-tokens@3.0.2
112 silly currentTree ├── js-yaml@3.7.0
112 silly currentTree ├── jsbn@0.1.1
112 silly currentTree ├── jsesc@0.5.0
112 silly currentTree ├── json-content-demux@0.1.3
112 silly currentTree ├── json-loader@0.5.7
112 silly currentTree ├── json-schema-traverse@0.3.1
112 silly currentTree ├── json-schema@0.2.3
112 silly currentTree ├── json-stringify-safe@5.0.1
112 silly currentTree ├── json3@3.3.2
112 silly currentTree ├── json5@0.5.1
112 silly currentTree ├── jsprim@1.4.1
112 silly currentTree ├── killable@1.0.0
112 silly currentTree ├── kind-of@3.2.2
112 silly currentTree ├── last-call-webpack-plugin@2.1.2
112 silly currentTree ├── layout@2.2.0
112 silly currentTree ├── lazy-cache@0.2.7
112 silly currentTree ├── lcid@1.0.0
112 silly currentTree ├─┬ load-json-file@2.0.0
112 silly currentTree │ └── pify@2.3.0
112 silly currentTree ├── loader-runner@2.3.0
112 silly currentTree ├── loader-utils@1.1.0
112 silly currentTree ├── locate-path@2.0.0
112 silly currentTree ├── lodash.assign@4.2.0
112 silly currentTree ├── lodash.camelcase@4.3.0
112 silly currentTree ├── lodash.clonedeep@4.5.0
112 silly currentTree ├── lodash.memoize@4.1.2
112 silly currentTree ├── lodash.mergewith@4.6.0
112 silly currentTree ├── lodash.tail@4.1.1
112 silly currentTree ├── lodash.union@4.6.0
112 silly currentTree ├── lodash.uniq@4.5.0
112 silly currentTree ├── lodash@4.17.4
112 silly currentTree ├── loglevel@1.6.0
112 silly currentTree ├── longest@1.0.1
112 silly currentTree ├── loud-rejection@1.6.0
112 silly currentTree ├── lru-cache@4.1.1
112 silly currentTree ├── macaddress@0.2.8
112 silly currentTree ├── map-obj@1.0.1
112 silly currentTree ├── math-expression-evaluator@1.2.17
112 silly currentTree ├─┬ md5.js@1.3.4
112 silly currentTree │ └── hash-base@3.0.4
112 silly currentTree ├── media-typer@0.3.0
112 silly currentTree ├── mem@1.1.0
112 silly currentTree ├── memory-fs@0.4.1
112 silly currentTree ├─┬ meow@3.7.0
112 silly currentTree │ ├── find-up@1.1.2
112 silly currentTree │ ├── load-json-file@1.1.0
112 silly currentTree │ ├── minimist@1.2.0
112 silly currentTree │ ├── path-exists@2.1.0
112 silly currentTree │ ├── path-type@1.1.0
112 silly currentTree │ ├── pify@2.3.0
112 silly currentTree │ ├── read-pkg-up@1.0.1
112 silly currentTree │ ├── read-pkg@1.1.0
112 silly currentTree │ └── strip-bom@2.0.0
112 silly currentTree ├── merge-descriptors@1.0.1
112 silly currentTree ├── methods@1.1.2
112 silly currentTree ├── micromatch@2.3.11
112 silly currentTree ├── miller-rabin@4.0.1
112 silly currentTree ├── mime-db@1.30.0
112 silly currentTree ├── mime-types@2.1.17
112 silly currentTree ├── mime@1.4.1
112 silly currentTree ├── mimic-fn@1.1.0
112 silly currentTree ├── minimalistic-assert@1.0.0
112 silly currentTree ├── minimalistic-crypto-utils@1.0.1
112 silly currentTree ├── minimatch@3.0.4
112 silly currentTree ├── minimist@0.0.8
112 silly currentTree ├─┬ mixin-object@2.0.1
112 silly currentTree │ └── for-in@0.1.8
112 silly currentTree ├── mkdirp@0.5.1
112 silly currentTree ├── ms@2.0.0
112 silly currentTree ├── multicast-dns-service-types@1.1.0
112 silly currentTree ├── multicast-dns@6.1.1
112 silly currentTree ├── nan@2.8.0
112 silly currentTree ├── ndarray-fill@1.0.2
112 silly currentTree ├── ndarray-ops@1.2.2
112 silly currentTree ├── ndarray-pack@1.2.1
112 silly currentTree ├── ndarray@1.0.18
112 silly currentTree ├── negotiator@0.6.1
112 silly currentTree ├── node-bitmap@0.0.1
112 silly currentTree ├── node-forge@0.6.33
112 silly currentTree ├─┬ node-gyp@3.6.2
112 silly currentTree │ └── semver@5.3.0
112 silly currentTree ├── node-libs-browser@2.1.0
112 silly currentTree ├─┬ node-sass@4.6.1
112 silly currentTree │ └── cross-spawn@3.0.1
112 silly currentTree ├── nopt@3.0.6
112 silly currentTree ├── normalize-package-data@2.4.0
112 silly currentTree ├── normalize-path@2.1.1
112 silly currentTree ├── normalize-range@0.1.2
112 silly currentTree ├── normalize-url@1.9.1
112 silly currentTree ├── npm-run-path@2.0.2
112 silly currentTree ├── npmlog@4.1.2
112 silly currentTree ├── num2fraction@1.2.2
112 silly currentTree ├── number-is-nan@1.0.1
112 silly currentTree ├── oauth-sign@0.8.2
112 silly currentTree ├── obj-extend@0.1.0
112 silly currentTree ├── object-assign@4.1.1
112 silly currentTree ├── object-inspect@0.4.0
112 silly currentTree ├── object-keys@1.0.11
112 silly currentTree ├─┬ object.omit@2.0.1
112 silly currentTree │ └── for-own@0.1.5
112 silly currentTree ├── obuf@1.1.1
112 silly currentTree ├── omggif@1.0.8
112 silly currentTree ├── on-finished@2.3.0
112 silly currentTree ├── on-headers@1.0.1
112 silly currentTree ├── once@1.4.0
112 silly currentTree ├── opn@5.1.0
112 silly currentTree ├── optimist@0.6.1
112 silly currentTree ├── optimize-css-assets-webpack-plugin@3.2.0
112 silly currentTree ├─┬ original@1.0.0
112 silly currentTree │ └── url-parse@1.0.5
112 silly currentTree ├── os-browserify@0.3.0
112 silly currentTree ├── os-homedir@1.0.2
112 silly currentTree ├── os-locale@2.1.0
112 silly currentTree ├── os-tmpdir@1.0.2
112 silly currentTree ├── osenv@0.1.4
112 silly currentTree ├── p-finally@1.0.0
112 silly currentTree ├── p-limit@1.1.0
112 silly currentTree ├── p-locate@2.0.0
112 silly currentTree ├── p-map@1.2.0
112 silly currentTree ├── pako@1.0.6
112 silly currentTree ├── parse-asn1@5.1.0
112 silly currentTree ├── parse-data-uri@0.2.0
112 silly currentTree ├── parse-glob@3.0.4
112 silly currentTree ├── parse-json@2.2.0
112 silly currentTree ├── parseurl@1.3.2
112 silly currentTree ├── path-browserify@0.0.0
112 silly currentTree ├── path-exists@3.0.0
112 silly currentTree ├── path-is-absolute@1.0.1
112 silly currentTree ├── path-is-inside@1.0.2
112 silly currentTree ├── path-key@2.0.1
112 silly currentTree ├── path-to-regexp@0.1.7
112 silly currentTree ├─┬ path-type@2.0.0
112 silly currentTree │ └── pify@2.3.0
112 silly currentTree ├── pbkdf2@3.0.14
112 silly currentTree ├── performance-now@2.1.0
112 silly currentTree ├── pify@3.0.0
112 silly currentTree ├── pinkie-promise@2.0.1
112 silly currentTree ├── pinkie@2.0.4
112 silly currentTree ├─┬ pixelsmith@2.1.3
112 silly currentTree │ └── async@0.9.2
112 silly currentTree ├── pkg-dir@2.0.0
112 silly currentTree ├── pngjs-nozlib@1.0.0
112 silly currentTree ├── pngjs@2.3.1
112 silly currentTree ├─┬ portfinder@1.0.13
112 silly currentTree │ ├── async@1.5.2
112 silly currentTree │ └── debug@2.6.9
112 silly currentTree ├── postcss-calc@5.3.1
112 silly currentTree ├── postcss-colormin@2.2.2
112 silly currentTree ├── postcss-convert-values@2.6.1
112 silly currentTree ├── postcss-discard-comments@2.0.4
112 silly currentTree ├── postcss-discard-duplicates@2.1.0
112 silly currentTree ├── postcss-discard-empty@2.1.0
112 silly currentTree ├── postcss-discard-overridden@0.1.1
112 silly currentTree ├── postcss-discard-unused@2.2.3
112 silly currentTree ├── postcss-filter-plugins@2.0.2
112 silly currentTree ├── postcss-merge-idents@2.1.7
112 silly currentTree ├── postcss-merge-longhand@2.0.2
112 silly currentTree ├── postcss-merge-rules@2.1.2
112 silly currentTree ├── postcss-message-helpers@2.0.0
112 silly currentTree ├── postcss-minify-font-values@1.0.5
112 silly currentTree ├── postcss-minify-gradients@1.0.5
112 silly currentTree ├── postcss-minify-params@1.2.2
112 silly currentTree ├── postcss-minify-selectors@2.1.1
112 silly currentTree ├─┬ postcss-modules-extract-imports@1.1.0
112 silly currentTree │ ├── ansi-styles@3.2.0
112 silly currentTree │ ├── chalk@2.3.0
112 silly currentTree │ ├── has-flag@2.0.0
112 silly currentTree │ ├── postcss@6.0.14
112 silly currentTree │ ├── source-map@0.6.1
112 silly currentTree │ └── supports-color@4.5.0
112 silly currentTree ├─┬ postcss-modules-local-by-default@1.2.0
112 silly currentTree │ ├── ansi-styles@3.2.0
112 silly currentTree │ ├── chalk@2.3.0
112 silly currentTree │ ├── has-flag@2.0.0
112 silly currentTree │ ├── postcss@6.0.14
112 silly currentTree │ ├── source-map@0.6.1
112 silly currentTree │ └── supports-color@4.5.0
112 silly currentTree ├─┬ postcss-modules-scope@1.1.0
112 silly currentTree │ ├── ansi-styles@3.2.0
112 silly currentTree │ ├── chalk@2.3.0
112 silly currentTree │ ├── has-flag@2.0.0
112 silly currentTree │ ├── postcss@6.0.14
112 silly currentTree │ ├── source-map@0.6.1
112 silly currentTree │ └── supports-color@4.5.0
112 silly currentTree ├─┬ postcss-modules-values@1.3.0
112 silly currentTree │ ├── ansi-styles@3.2.0
112 silly currentTree │ ├── chalk@2.3.0
112 silly currentTree │ ├── has-flag@2.0.0
112 silly currentTree │ ├── postcss@6.0.14
112 silly currentTree │ ├── source-map@0.6.1
112 silly currentTree │ └── supports-color@4.5.0
112 silly currentTree ├── postcss-normalize-charset@1.1.1
112 silly currentTree ├── postcss-normalize-url@3.0.8
112 silly currentTree ├── postcss-ordered-values@2.2.3
112 silly currentTree ├── postcss-reduce-idents@2.4.0
112 silly currentTree ├── postcss-reduce-initial@1.0.1
112 silly currentTree ├── postcss-reduce-transforms@1.0.4
112 silly currentTree ├── postcss-selector-parser@2.2.3
112 silly currentTree ├── postcss-svgo@2.1.6
112 silly currentTree ├── postcss-unique-selectors@2.0.2
112 silly currentTree ├── postcss-value-parser@3.3.0
112 silly currentTree ├── postcss-zindex@2.2.0
112 silly currentTree ├─┬ postcss@5.2.18
112 silly currentTree │ └── supports-color@3.2.3
112 silly currentTree ├── prepend-http@1.0.4
112 silly currentTree ├── preserve@0.2.0
112 silly currentTree ├── process-nextick-args@1.0.7
112 silly currentTree ├── process@0.11.10
112 silly currentTree ├── proxy-addr@2.0.2
112 silly currentTree ├── prr@0.0.0
112 silly currentTree ├── pseudomap@1.0.2
112 silly currentTree ├── public-encrypt@4.0.0
112 silly currentTree ├── punycode@1.4.1
112 silly currentTree ├── q@1.5.1
112 silly currentTree ├── qs@6.5.1
112 silly currentTree ├── query-string@4.3.4
112 silly currentTree ├── querystring-es3@0.2.1
112 silly currentTree ├── querystring@0.2.0
112 silly currentTree ├── querystringify@0.0.4
112 silly currentTree ├─┬ quote-stream@0.0.0
112 silly currentTree │ ├── isarray@0.0.1
112 silly currentTree │ ├── object-keys@0.4.0
112 silly currentTree │ ├── readable-stream@1.0.34
112 silly currentTree │ ├── string_decoder@0.10.31
112 silly currentTree │ ├── through2@0.4.2
112 silly currentTree │ └── xtend@2.1.2
112 silly currentTree ├─┬ randomatic@1.1.7
112 silly currentTree │ ├─┬ is-number@3.0.0
112 silly currentTree │ │ └── kind-of@3.2.2
112 silly currentTree │ └── kind-of@4.0.0
112 silly currentTree ├── randombytes@2.0.5
112 silly currentTree ├── randomfill@1.0.3
112 silly currentTree ├── range-parser@1.2.0
112 silly currentTree ├── raw-body@2.3.2
112 silly currentTree ├── read-pkg-up@2.0.0
112 silly currentTree ├── read-pkg@2.0.0
112 silly currentTree ├── readable-stream@2.3.3
112 silly currentTree ├── readdirp@2.1.0
112 silly currentTree ├── recursive-readdir-sync@1.0.6
112 silly currentTree ├── redent@1.0.0
112 silly currentTree ├── reduce-css-calc@1.3.0
112 silly currentTree ├── reduce-function-call@1.0.2
112 silly currentTree ├── regenerate@1.3.3
112 silly currentTree ├── regex-cache@0.4.4
112 silly currentTree ├── regexpu-core@1.0.0
112 silly currentTree ├── regjsgen@0.2.0
112 silly currentTree ├── regjsparser@0.1.5
112 silly currentTree ├── remove-trailing-separator@1.1.0
112 silly currentTree ├── repeat-element@1.1.2
112 silly currentTree ├── repeat-string@1.6.1
112 silly currentTree ├── repeating@2.0.1
112 silly currentTree ├── replace-ext@0.0.1
112 silly currentTree ├─┬ request@2.83.0
112 silly currentTree │ └── uuid@3.1.0
112 silly currentTree ├── require-directory@2.1.1
112 silly currentTree ├── require-main-filename@1.0.1
112 silly currentTree ├── requires-port@1.0.0
112 silly currentTree ├── resolve-cwd@2.0.0
112 silly currentTree ├── resolve-from@3.0.0
112 silly currentTree ├── right-align@0.1.3
112 silly currentTree ├── rimraf@2.6.2
112 silly currentTree ├── ripemd160@2.0.1
112 silly currentTree ├── safe-buffer@5.1.1
112 silly currentTree ├─┬ sass-graph@2.2.4
112 silly currentTree │ ├── camelcase@3.0.0
112 silly currentTree │ ├── cliui@3.2.0
112 silly currentTree │ ├── find-up@1.1.2
112 silly currentTree │ ├── load-json-file@1.1.0
112 silly currentTree │ ├── os-locale@1.4.0
112 silly currentTree │ ├── path-exists@2.1.0
112 silly currentTree │ ├── path-type@1.1.0
112 silly currentTree │ ├── pify@2.3.0
112 silly currentTree │ ├── read-pkg-up@1.0.1
112 silly currentTree │ ├── read-pkg@1.1.0
112 silly currentTree │ ├── string-width@1.0.2
112 silly currentTree │ ├── strip-bom@2.0.0
112 silly currentTree │ ├── which-module@1.0.0
112 silly currentTree │ ├── yargs-parser@5.0.0
112 silly currentTree │ └── yargs@7.1.0
112 silly currentTree ├── sass-loader@6.0.6
112 silly currentTree ├─┬ save-pixels@2.3.4
112 silly currentTree │ └── jpeg-js@0.0.4
112 silly currentTree ├── sax@1.2.4
112 silly currentTree ├── schema-utils@0.3.0
112 silly currentTree ├─┬ scss-tokenizer@0.2.3
112 silly currentTree │ └── source-map@0.4.4
112 silly currentTree ├── select-hose@2.0.0
112 silly currentTree ├── select@1.1.2
112 silly currentTree ├── selfsigned@1.10.1
112 silly currentTree ├── semver@5.4.1
112 silly currentTree ├─┬ send@0.16.1
112 silly currentTree │ └── debug@2.6.9
112 silly currentTree ├─┬ serve-index@1.9.1
112 silly currentTree │ └── debug@2.6.9
112 silly currentTree ├── serve-static@1.13.1
112 silly currentTree ├── set-blocking@2.0.0
112 silly currentTree ├── set-immediate-shim@1.0.1
112 silly currentTree ├── setimmediate@1.0.5
112 silly currentTree ├── setprototypeof@1.1.0
112 silly currentTree ├── sha.js@2.4.9
112 silly currentTree ├─┬ shallow-clone@0.1.2
112 silly currentTree │ └── kind-of@2.0.1
112 silly currentTree ├── shallow-copy@0.0.1
112 silly currentTree ├── shebang-command@1.2.0
112 silly currentTree ├── shebang-regex@1.0.0
112 silly currentTree ├── signal-exit@3.0.2
112 silly currentTree ├── sntp@2.1.0
112 silly currentTree ├─┬ sockjs-client@1.1.4
112 silly currentTree │ ├── debug@2.6.9
112 silly currentTree │ └── faye-websocket@0.11.1
112 silly currentTree ├── sockjs@0.3.18
112 silly currentTree ├── sort-keys@1.1.2
112 silly currentTree ├── source-list-map@2.0.0
112 silly currentTree ├── source-map@0.5.7
112 silly currentTree ├── spdx-correct@1.0.2
112 silly currentTree ├── spdx-expression-parse@1.0.4
112 silly currentTree ├── spdx-license-ids@1.2.2
112 silly currentTree ├─┬ spdy-transport@2.0.20
112 silly currentTree │ └── debug@2.6.9
112 silly currentTree ├─┬ spdy@3.4.7
112 silly currentTree │ └── debug@2.6.9
112 silly currentTree ├── sprintf-js@1.0.3
112 silly currentTree ├── spritesheet-templates@10.2.2
112 silly currentTree ├─┬ spritesmith@3.2.1
112 silly currentTree │ └── semver@5.0.3
112 silly currentTree ├── sshpk@1.13.1
112 silly currentTree ├─┬ static-eval@0.2.4
112 silly currentTree │ ├── escodegen@0.0.28
112 silly currentTree │ ├── esprima@1.0.4
112 silly currentTree │ └── estraverse@1.3.2
112 silly currentTree ├─┬ static-module@1.5.0
112 silly currentTree │ ├─┬ concat-stream@1.6.0
112 silly currentTree │ │ └── readable-stream@2.3.3
112 silly currentTree │ ├── object-keys@0.4.0
112 silly currentTree │ ├─┬ readable-stream@1.0.34
112 silly currentTree │ │ ├── isarray@0.0.1
112 silly currentTree │ │ └── string_decoder@0.10.31
112 silly currentTree │ ├── through2@0.4.2
112 silly currentTree │ └── xtend@2.1.2
112 silly currentTree ├── statuses@1.3.1
112 silly currentTree ├── stdout-stream@1.4.0
112 silly currentTree ├── stream-browserify@2.0.1
112 silly currentTree ├── stream-http@2.7.2
112 silly currentTree ├── strict-uri-encode@1.1.0
112 silly currentTree ├── string_decoder@1.0.3
112 silly currentTree ├─┬ string-width@2.1.1
112 silly currentTree │ ├── ansi-regex@3.0.0
112 silly currentTree │ ├── is-fullwidth-code-point@2.0.0
112 silly currentTree │ └── strip-ansi@4.0.0
112 silly currentTree ├── stringstream@0.0.5
112 silly currentTree ├── strip-ansi@3.0.1
112 silly currentTree ├─┬ strip-bom-stream@1.0.0
112 silly currentTree │ └── strip-bom@2.0.0
112 silly currentTree ├── strip-bom@3.0.0
112 silly currentTree ├── strip-eof@1.0.0
112 silly currentTree ├── strip-indent@1.0.1
112 silly currentTree ├── style-loader@0.19.0
112 silly currentTree ├── supports-color@2.0.0
112 silly currentTree ├── svgo@0.7.2
112 silly currentTree ├── tapable@0.2.8
112 silly currentTree ├── tar@2.2.1
112 silly currentTree ├── through@2.3.8
112 silly currentTree ├── through2@2.0.3
112 silly currentTree ├── thunky@0.1.0
112 silly currentTree ├── time-stamp@2.0.0
112 silly currentTree ├── timers-browserify@2.0.4
112 silly currentTree ├── tiny-emitter@2.0.2
112 silly currentTree ├── to-arraybuffer@1.0.1
112 silly currentTree ├── tough-cookie@2.3.3
112 silly currentTree ├── trim-newlines@1.0.0
112 silly currentTree ├── tty-browserify@0.0.0
112 silly currentTree ├── tunnel-agent@0.6.0
112 silly currentTree ├── tweetnacl@0.14.5
112 silly currentTree ├── type-is@1.6.15
112 silly currentTree ├── typedarray@0.0.6
112 silly currentTree ├─┬ uglify-js@2.8.29
112 silly currentTree │ └── yargs@3.10.0
112 silly currentTree ├── uglify-to-browserify@1.0.2
112 silly currentTree ├── uglifyjs-webpack-plugin@0.4.6
112 silly currentTree ├── underscore.string@3.0.3
112 silly currentTree ├── underscore@1.4.4
112 silly currentTree ├── uniq@1.0.1
112 silly currentTree ├── uniqid@4.1.1
112 silly currentTree ├── uniqs@2.0.0
112 silly currentTree ├── unpipe@1.0.0
112 silly currentTree ├── url-loader@0.6.2
112 silly currentTree ├─┬ url-parse@1.2.0
112 silly currentTree │ └── querystringify@1.0.0
112 silly currentTree ├─┬ url@0.11.0
112 silly currentTree │ └── punycode@1.3.2
112 silly currentTree ├── util-deprecate@1.0.2
112 silly currentTree ├─┬ util@0.10.3
112 silly currentTree │ └── inherits@2.0.1
112 silly currentTree ├── utils-merge@1.0.1
112 silly currentTree ├── uuid@2.0.3
112 silly currentTree ├── validate-npm-package-license@3.0.1
112 silly currentTree ├── vary@1.1.2
112 silly currentTree ├── vendors@1.0.1
112 silly currentTree ├── verror@1.10.0
112 silly currentTree ├─┬ vinyl-file@1.3.0
112 silly currentTree │ └── strip-bom@2.0.0
112 silly currentTree ├── vinyl@1.2.0
112 silly currentTree ├── vm-browserify@0.0.4
112 silly currentTree ├── watchpack@1.4.0
112 silly currentTree ├── wbuf@1.7.2
112 silly currentTree ├─┬ webpack-cleanup-plugin@0.5.1
112 silly currentTree │ └── minimatch@3.0.3
112 silly currentTree ├── webpack-dev-middleware@1.12.0
112 silly currentTree ├─┬ webpack-dev-server@2.9.4
112 silly currentTree │ ├── camelcase@3.0.0
112 silly currentTree │ ├── cliui@3.2.0
112 silly currentTree │ ├── find-up@1.1.2
112 silly currentTree │ ├── has-flag@2.0.0
112 silly currentTree │ ├── load-json-file@1.1.0
112 silly currentTree │ ├── os-locale@1.4.0
112 silly currentTree │ ├── path-exists@2.1.0
112 silly currentTree │ ├── path-type@1.1.0
112 silly currentTree │ ├── pify@2.3.0
112 silly currentTree │ ├── read-pkg-up@1.0.1
112 silly currentTree │ ├── read-pkg@1.1.0
112 silly currentTree │ ├── string-width@1.0.2
112 silly currentTree │ ├── strip-bom@2.0.0
112 silly currentTree │ ├── supports-color@4.5.0
112 silly currentTree │ ├── which-module@1.0.0
112 silly currentTree │ ├── yargs-parser@4.2.1
112 silly currentTree │ └── yargs@6.6.0
112 silly currentTree ├─┬ webpack-sources@1.0.2
112 silly currentTree │ └── source-map@0.6.1
112 silly currentTree ├── webpack-spritesmith@0.3.3
112 silly currentTree ├─┬ webpack@3.8.1
112 silly currentTree │ ├── has-flag@2.0.0
112 silly currentTree │ └── supports-color@4.5.0
112 silly currentTree ├── websocket-driver@0.7.0
112 silly currentTree ├── websocket-extensions@0.1.3
112 silly currentTree ├── whet.extend@0.9.9
112 silly currentTree ├── which-module@2.0.0
112 silly currentTree ├── which@1.3.0
112 silly currentTree ├─┬ wide-align@1.1.2
112 silly currentTree │ └── string-width@1.0.2
112 silly currentTree ├── window-size@0.1.0
112 silly currentTree ├── wordwrap@0.0.2
112 silly currentTree ├─┬ wrap-ansi@2.1.0
112 silly currentTree │ └── string-width@1.0.2
112 silly currentTree ├── wrappy@1.0.2
112 silly currentTree ├── xtend@4.0.1
112 silly currentTree ├── y18n@3.2.1
112 silly currentTree ├── yallist@2.1.2
112 silly currentTree ├─┬ yargs-parser@7.0.0
112 silly currentTree │ └── camelcase@4.1.0
112 silly currentTree └─┬ yargs@8.0.2
112 silly currentTree   ├── camelcase@4.1.0
112 silly currentTree   └─┬ cliui@3.2.0
112 silly currentTree     └── string-width@1.0.2
113 silly idealTree one-time-secret@1.0.0
113 silly idealTree ├── abbrev@1.1.1
113 silly idealTree ├── accepts@1.3.4
113 silly idealTree ├─┬ acorn-dynamic-import@2.0.2
113 silly idealTree │ └── acorn@4.0.13
113 silly idealTree ├── acorn@5.2.1
113 silly idealTree ├── ajv-keywords@2.1.1
113 silly idealTree ├── ajv@5.3.0
113 silly idealTree ├── align-text@0.1.4
113 silly idealTree ├── alphanum-sort@1.0.2
113 silly idealTree ├── amdefine@1.0.1
113 silly idealTree ├── ansi-html@0.0.7
113 silly idealTree ├── ansi-regex@2.1.1
113 silly idealTree ├── ansi-styles@2.2.1
113 silly idealTree ├── anymatch@1.3.2
113 silly idealTree ├── aproba@1.2.0
113 silly idealTree ├── are-we-there-yet@1.1.4
113 silly idealTree ├── argparse@1.0.9
113 silly idealTree ├── arr-diff@2.0.0
113 silly idealTree ├── arr-flatten@1.1.0
113 silly idealTree ├── array-find-index@1.0.2
113 silly idealTree ├── array-flatten@2.1.1
113 silly idealTree ├── array-includes@3.0.3
113 silly idealTree ├── array-union@1.0.2
113 silly idealTree ├── array-uniq@1.0.3
113 silly idealTree ├── array-unique@0.2.1
113 silly idealTree ├── asn1.js@4.9.2
113 silly idealTree ├── asn1@0.2.3
113 silly idealTree ├── assert-plus@1.0.0
113 silly idealTree ├── assert@1.4.1
113 silly idealTree ├── async-each@1.0.1
113 silly idealTree ├── async-foreach@0.1.3
113 silly idealTree ├── async@2.6.0
113 silly idealTree ├── asynckit@0.4.0
113 silly idealTree ├── autoprefixer@6.7.7
113 silly idealTree ├── aws-sign2@0.7.0
113 silly idealTree ├── aws4@1.6.0
113 silly idealTree ├── babel-code-frame@6.26.0
113 silly idealTree ├── balanced-match@0.4.2
113 silly idealTree ├── base64-js@1.2.1
113 silly idealTree ├── batch@0.6.1
113 silly idealTree ├── bcrypt-pbkdf@1.0.1
113 silly idealTree ├── big.js@3.2.0
113 silly idealTree ├── bin-pack@1.0.2
113 silly idealTree ├── binary-extensions@1.10.0
113 silly idealTree ├── block-stream@0.0.9
113 silly idealTree ├── bn.js@4.11.8
113 silly idealTree ├─┬ body-parser@1.18.2
113 silly idealTree │ └── debug@2.6.9
113 silly idealTree ├── bonjour@3.5.0
113 silly idealTree ├── boom@4.3.1
113 silly idealTree ├── bootstrap-sass@3.3.7
113 silly idealTree ├─┬ brace-expansion@1.1.8
113 silly idealTree │ └── balanced-match@1.0.0
113 silly idealTree ├── braces@1.8.5
113 silly idealTree ├── brorand@1.1.0
113 silly idealTree ├── browserify-aes@1.1.1
113 silly idealTree ├── browserify-cipher@1.0.0
113 silly idealTree ├── browserify-des@1.0.0
113 silly idealTree ├── browserify-rsa@4.0.1
113 silly idealTree ├── browserify-sign@4.0.4
113 silly idealTree ├── browserify-zlib@0.2.0
113 silly idealTree ├── browserslist@1.7.7
113 silly idealTree ├── buffer-indexof@1.1.1
113 silly idealTree ├── buffer-xor@1.0.3
113 silly idealTree ├── buffer@4.9.1
113 silly idealTree ├── builtin-modules@1.1.1
113 silly idealTree ├── builtin-status-codes@3.0.0
113 silly idealTree ├── bytes@3.0.0
113 silly idealTree ├─┬ camelcase-keys@2.1.0
113 silly idealTree │ └── camelcase@2.1.1
113 silly idealTree ├── camelcase@1.2.1
113 silly idealTree ├── caniuse-api@1.6.1
113 silly idealTree ├── caniuse-db@1.0.30000766
113 silly idealTree ├── caseless@0.12.0
113 silly idealTree ├─┬ center-align@0.1.3
113 silly idealTree │ └── lazy-cache@1.0.4
113 silly idealTree ├── chalk@1.1.3
113 silly idealTree ├── chokidar@1.7.0
113 silly idealTree ├── cipher-base@1.0.4
113 silly idealTree ├── clap@1.2.3
113 silly idealTree ├── clipboard@1.7.1
113 silly idealTree ├── cliui@2.1.0
113 silly idealTree ├── clone-deep@0.3.0
113 silly idealTree ├── clone-stats@0.0.1
113 silly idealTree ├── clone@1.0.3
113 silly idealTree ├── co@4.6.0
113 silly idealTree ├── coa@1.0.4
113 silly idealTree ├── code-point-at@1.1.0
113 silly idealTree ├── color-convert@1.9.1
113 silly idealTree ├── color-name@1.1.3
113 silly idealTree ├── color-string@0.3.0
113 silly idealTree ├── color@0.11.4
113 silly idealTree ├── colormin@1.1.2
113 silly idealTree ├── colors@1.1.2
113 silly idealTree ├── combined-stream@1.0.5
113 silly idealTree ├── compressible@2.0.12
113 silly idealTree ├─┬ compression@1.7.1
113 silly idealTree │ └── debug@2.6.9
113 silly idealTree ├── concat-map@0.0.1
113 silly idealTree ├─┬ concat-stream@1.5.2
113 silly idealTree │ ├── readable-stream@2.0.6
113 silly idealTree │ └── string_decoder@0.10.31
113 silly idealTree ├── connect-history-api-fallback@1.5.0
113 silly idealTree ├── console-browserify@1.1.0
113 silly idealTree ├── console-control-strings@1.1.0
113 silly idealTree ├── constants-browserify@1.0.0
113 silly idealTree ├── content-disposition@0.5.2
113 silly idealTree ├── content-type@1.0.4
113 silly idealTree ├─┬ contentstream@1.0.0
113 silly idealTree │ ├── isarray@0.0.1
113 silly idealTree │ ├── readable-stream@1.0.34
113 silly idealTree │ └── string_decoder@0.10.31
113 silly idealTree ├── cookie-signature@1.0.6
113 silly idealTree ├── cookie@0.3.1
113 silly idealTree ├── core-util-is@1.0.2
113 silly idealTree ├── create-ecdh@4.0.0
113 silly idealTree ├── create-hash@1.1.3
113 silly idealTree ├── create-hmac@1.1.6
113 silly idealTree ├── cross-spawn@5.1.0
113 silly idealTree ├─┬ cryptiles@3.1.2
113 silly idealTree │ └── boom@5.2.0
113 silly idealTree ├── crypto-browserify@3.12.0
113 silly idealTree ├── css-color-names@0.0.4
113 silly idealTree ├── css-loader@0.28.7
113 silly idealTree ├── css-selector-tokenizer@0.7.0
113 silly idealTree ├── cssesc@0.1.0
113 silly idealTree ├── cssnano@3.10.0
113 silly idealTree ├── csso@2.3.2
113 silly idealTree ├── currently-unhandled@0.4.1
113 silly idealTree ├── cwise-compiler@1.1.3
113 silly idealTree ├─┬ cwise-parser@1.0.3
113 silly idealTree │ └── esprima@1.2.5
113 silly idealTree ├── cwise@1.0.10
113 silly idealTree ├── d@1.0.0
113 silly idealTree ├── dashdash@1.14.1
113 silly idealTree ├── data-uri-to-buffer@0.0.3
113 silly idealTree ├── date-now@0.1.4
113 silly idealTree ├── debug@3.1.0
113 silly idealTree ├── decamelize@1.2.0
113 silly idealTree ├── deep-equal@1.0.1
113 silly idealTree ├── define-properties@1.1.2
113 silly idealTree ├── defined@1.0.0
113 silly idealTree ├── del@3.0.0
113 silly idealTree ├── delayed-stream@1.0.0
113 silly idealTree ├── delegate@3.1.3
113 silly idealTree ├── delegates@1.0.0
113 silly idealTree ├── depd@1.1.1
113 silly idealTree ├── des.js@1.0.0
113 silly idealTree ├── destroy@1.0.4
113 silly idealTree ├── detect-node@2.0.3
113 silly idealTree ├── diffie-hellman@5.0.2
113 silly idealTree ├── dns-equal@1.0.0
113 silly idealTree ├── dns-packet@1.2.2
113 silly idealTree ├── dns-txt@2.0.2
113 silly idealTree ├── domain-browser@1.1.7
113 silly idealTree ├─┬ duplexer2@0.0.2
113 silly idealTree │ ├── isarray@0.0.1
113 silly idealTree │ ├── readable-stream@1.1.14
113 silly idealTree │ └── string_decoder@0.10.31
113 silly idealTree ├── ecc-jsbn@0.1.1
113 silly idealTree ├── ee-first@1.1.1
113 silly idealTree ├── electron-to-chromium@1.3.27
113 silly idealTree ├── elliptic@6.4.0
113 silly idealTree ├── emojis-list@2.1.0
113 silly idealTree ├── encodeurl@1.0.1
113 silly idealTree ├── enhanced-resolve@3.4.1
113 silly idealTree ├── errno@0.1.4
113 silly idealTree ├── error-ex@1.3.1
113 silly idealTree ├── es-abstract@1.9.0
113 silly idealTree ├── es-to-primitive@1.1.1
113 silly idealTree ├── es5-ext@0.10.35
113 silly idealTree ├── es6-iterator@2.0.3
113 silly idealTree ├── es6-map@0.1.5
113 silly idealTree ├── es6-set@0.1.5
113 silly idealTree ├── es6-symbol@3.1.1
113 silly idealTree ├── es6-weak-map@2.0.2
113 silly idealTree ├── escape-html@1.0.3
113 silly idealTree ├── escape-string-regexp@1.0.5
113 silly idealTree ├─┬ escodegen@1.3.3
113 silly idealTree │ ├── esprima@1.1.1
113 silly idealTree │ ├── estraverse@1.5.1
113 silly idealTree │ ├── esutils@1.0.0
113 silly idealTree │ └── source-map@0.1.43
113 silly idealTree ├── escope@3.6.0
113 silly idealTree ├── esprima@2.7.3
113 silly idealTree ├── esrecurse@4.2.0
113 silly idealTree ├── estraverse@4.2.0
113 silly idealTree ├── esutils@2.0.2
113 silly idealTree ├── etag@1.8.1
113 silly idealTree ├── event-emitter@0.3.5
113 silly idealTree ├── eventemitter3@1.2.0
113 silly idealTree ├── events@1.1.1
113 silly idealTree ├── eventsource@0.1.6
113 silly idealTree ├── evp_bytestokey@1.0.3
113 silly idealTree ├── execa@0.7.0
113 silly idealTree ├── expand-brackets@0.1.5
113 silly idealTree ├── expand-range@1.8.2
113 silly idealTree ├─┬ express@4.16.2
113 silly idealTree │ ├── array-flatten@1.1.1
113 silly idealTree │ └── debug@2.6.9
113 silly idealTree ├── extend@3.0.1
113 silly idealTree ├── extglob@0.3.2
113 silly idealTree ├── extract-text-webpack-plugin@3.0.2
113 silly idealTree ├── extsprintf@1.3.0
113 silly idealTree ├─┬ falafel@2.1.0
113 silly idealTree │ └── isarray@0.0.1
113 silly idealTree ├── fast-deep-equal@1.0.0
113 silly idealTree ├── fast-json-stable-stringify@2.0.0
113 silly idealTree ├── fastparse@1.1.1
113 silly idealTree ├── faye-websocket@0.10.0
113 silly idealTree ├── file-loader@1.1.5
113 silly idealTree ├── filename-regex@2.0.1
113 silly idealTree ├─┬ fill-range@2.2.3
113 silly idealTree │ └── isobject@2.1.0
113 silly idealTree ├─┬ finalhandler@1.1.0
113 silly idealTree │ └── debug@2.6.9
113 silly idealTree ├── find-up@2.1.0
113 silly idealTree ├── first-chunk-stream@1.0.0
113 silly idealTree ├── flatten@1.0.2
113 silly idealTree ├── font-awesome@4.7.0
113 silly idealTree ├── for-in@1.0.2
113 silly idealTree ├── for-own@1.0.0
113 silly idealTree ├── foreach@2.0.5
113 silly idealTree ├── forever-agent@0.6.1
113 silly idealTree ├── form-data@2.3.1
113 silly idealTree ├── forwarded@0.1.2
113 silly idealTree ├── fresh@0.5.2
113 silly idealTree ├── fs.realpath@1.0.0
113 silly idealTree ├─┬ fsevents@1.1.3
113 silly idealTree │ ├── abbrev@1.1.0
113 silly idealTree │ ├── ajv@4.11.8
113 silly idealTree │ ├── ansi-regex@2.1.1
113 silly idealTree │ ├── aproba@1.1.1
113 silly idealTree │ ├── are-we-there-yet@1.1.4
113 silly idealTree │ ├── asn1@0.2.3
113 silly idealTree │ ├── assert-plus@0.2.0
113 silly idealTree │ ├── asynckit@0.4.0
113 silly idealTree │ ├── aws-sign2@0.6.0
113 silly idealTree │ ├── aws4@1.6.0
113 silly idealTree │ ├── balanced-match@0.4.2
113 silly idealTree │ ├── bcrypt-pbkdf@1.0.1
113 silly idealTree │ ├── block-stream@0.0.9
113 silly idealTree │ ├── boom@2.10.1
113 silly idealTree │ ├── brace-expansion@1.1.7
113 silly idealTree │ ├── buffer-shims@1.0.0
113 silly idealTree │ ├── caseless@0.12.0
113 silly idealTree │ ├── co@4.6.0
113 silly idealTree │ ├── code-point-at@1.1.0
113 silly idealTree │ ├── combined-stream@1.0.5
113 silly idealTree │ ├── concat-map@0.0.1
113 silly idealTree │ ├── console-control-strings@1.1.0
113 silly idealTree │ ├── core-util-is@1.0.2
113 silly idealTree │ ├── cryptiles@2.0.5
113 silly idealTree │ ├─┬ dashdash@1.14.1
113 silly idealTree │ │ └── assert-plus@1.0.0
113 silly idealTree │ ├── debug@2.6.8
113 silly idealTree │ ├── deep-extend@0.4.2
113 silly idealTree │ ├── delayed-stream@1.0.0
113 silly idealTree │ ├── delegates@1.0.0
113 silly idealTree │ ├── detect-libc@1.0.2
113 silly idealTree │ ├── ecc-jsbn@0.1.1
113 silly idealTree │ ├── extend@3.0.1
113 silly idealTree │ ├── extsprintf@1.0.2
113 silly idealTree │ ├── forever-agent@0.6.1
113 silly idealTree │ ├── form-data@2.1.4
113 silly idealTree │ ├── fs.realpath@1.0.0
113 silly idealTree │ ├── fstream-ignore@1.0.5
113 silly idealTree │ ├── fstream@1.0.11
113 silly idealTree │ ├── gauge@2.7.4
113 silly idealTree │ ├─┬ getpass@0.1.7
113 silly idealTree │ │ └── assert-plus@1.0.0
113 silly idealTree │ ├── glob@7.1.2
113 silly idealTree │ ├── graceful-fs@4.1.11
113 silly idealTree │ ├── har-schema@1.0.5
113 silly idealTree │ ├── har-validator@4.2.1
113 silly idealTree │ ├── has-unicode@2.0.1
113 silly idealTree │ ├── hawk@3.1.3
113 silly idealTree │ ├── hoek@2.16.3
113 silly idealTree │ ├── http-signature@1.1.1
113 silly idealTree │ ├── inflight@1.0.6
113 silly idealTree │ ├── inherits@2.0.3
113 silly idealTree │ ├── ini@1.3.4
113 silly idealTree │ ├── is-fullwidth-code-point@1.0.0
113 silly idealTree │ ├── is-typedarray@1.0.0
113 silly idealTree │ ├── isarray@1.0.0
113 silly idealTree │ ├── isstream@0.1.2
113 silly idealTree │ ├── jodid25519@1.0.2
113 silly idealTree │ ├── jsbn@0.1.1
113 silly idealTree │ ├── json-schema@0.2.3
113 silly idealTree │ ├── json-stable-stringify@1.0.1
113 silly idealTree │ ├── json-stringify-safe@5.0.1
113 silly idealTree │ ├── jsonify@0.0.0
113 silly idealTree │ ├─┬ jsprim@1.4.0
113 silly idealTree │ │ └── assert-plus@1.0.0
113 silly idealTree │ ├── mime-db@1.27.0
113 silly idealTree │ ├── mime-types@2.1.15
113 silly idealTree │ ├── minimatch@3.0.4
113 silly idealTree │ ├── minimist@0.0.8
113 silly idealTree │ ├── mkdirp@0.5.1
113 silly idealTree │ ├── ms@2.0.0
113 silly idealTree │ ├── node-pre-gyp@0.6.39
113 silly idealTree │ ├── nopt@4.0.1
113 silly idealTree │ ├── npmlog@4.1.0
113 silly idealTree │ ├── number-is-nan@1.0.1
113 silly idealTree │ ├── oauth-sign@0.8.2
113 silly idealTree │ ├── object-assign@4.1.1
113 silly idealTree │ ├── once@1.4.0
113 silly idealTree │ ├── os-homedir@1.0.2
113 silly idealTree │ ├── os-tmpdir@1.0.2
113 silly idealTree │ ├── osenv@0.1.4
113 silly idealTree │ ├── path-is-absolute@1.0.1
113 silly idealTree │ ├── performance-now@0.2.0
113 silly idealTree │ ├── process-nextick-args@1.0.7
113 silly idealTree │ ├── punycode@1.4.1
113 silly idealTree │ ├── qs@6.4.0
113 silly idealTree │ ├─┬ rc@1.2.1
113 silly idealTree │ │ └── minimist@1.2.0
113 silly idealTree │ ├── readable-stream@2.2.9
113 silly idealTree │ ├── request@2.81.0
113 silly idealTree │ ├── rimraf@2.6.1
113 silly idealTree │ ├── safe-buffer@5.0.1
113 silly idealTree │ ├── semver@5.3.0
113 silly idealTree │ ├── set-blocking@2.0.0
113 silly idealTree │ ├── signal-exit@3.0.2
113 silly idealTree │ ├── sntp@1.0.9
113 silly idealTree │ ├─┬ sshpk@1.13.0
113 silly idealTree │ │ └── assert-plus@1.0.0
113 silly idealTree │ ├── string_decoder@1.0.1
113 silly idealTree │ ├── string-width@1.0.2
113 silly idealTree │ ├── stringstream@0.0.5
113 silly idealTree │ ├── strip-ansi@3.0.1
113 silly idealTree │ ├── strip-json-comments@2.0.1
113 silly idealTree │ ├── tar-pack@3.4.0
113 silly idealTree │ ├── tar@2.2.1
113 silly idealTree │ ├── tough-cookie@2.3.2
113 silly idealTree │ ├── tunnel-agent@0.6.0
113 silly idealTree │ ├── tweetnacl@0.14.5
113 silly idealTree │ ├── uid-number@0.0.6
113 silly idealTree │ ├── util-deprecate@1.0.2
113 silly idealTree │ ├── uuid@3.0.1
113 silly idealTree │ ├── verror@1.3.6
113 silly idealTree │ ├── wide-align@1.1.2
113 silly idealTree │ └── wrappy@1.0.2
113 silly idealTree ├── fstream@1.0.11
113 silly idealTree ├── function-bind@1.1.1
113 silly idealTree ├─┬ gauge@2.7.4
113 silly idealTree │ └── string-width@1.0.2
113 silly idealTree ├── gaze@1.1.2
113 silly idealTree ├── get-caller-file@1.0.2
113 silly idealTree ├── get-pixels@3.3.0
113 silly idealTree ├── get-stdin@4.0.1
113 silly idealTree ├── get-stream@3.0.0
113 silly idealTree ├── getpass@0.1.7
113 silly idealTree ├─┬ gif-encoder@0.4.3
113 silly idealTree │ ├── isarray@0.0.1
113 silly idealTree │ ├── readable-stream@1.1.14
113 silly idealTree │ └── string_decoder@0.10.31
113 silly idealTree ├── glob-base@0.3.0
113 silly idealTree ├── glob-parent@2.0.0
113 silly idealTree ├── glob@7.1.2
113 silly idealTree ├─┬ globby@6.1.0
113 silly idealTree │ └── pify@2.3.0
113 silly idealTree ├── globule@1.2.0
113 silly idealTree ├── good-listener@1.2.2
113 silly idealTree ├── graceful-fs@4.1.11
113 silly idealTree ├── handle-thing@1.2.5
113 silly idealTree ├── handlebars-layouts@1.1.0
113 silly idealTree ├─┬ handlebars@4.0.11
113 silly idealTree │ ├── async@1.5.2
113 silly idealTree │ └── source-map@0.4.4
113 silly idealTree ├── har-schema@2.0.0
113 silly idealTree ├── har-validator@5.0.3
113 silly idealTree ├── has-ansi@2.0.0
113 silly idealTree ├── has-flag@1.0.0
113 silly idealTree ├── has-unicode@2.0.1
113 silly idealTree ├── has@1.0.1
113 silly idealTree ├── hash-base@2.0.2
113 silly idealTree ├── hash.js@1.1.3
113 silly idealTree ├── hawk@6.0.2
113 silly idealTree ├── hmac-drbg@1.0.1
113 silly idealTree ├── hoek@4.2.0
113 silly idealTree ├── hosted-git-info@2.5.0
113 silly idealTree ├── hpack.js@2.1.6
113 silly idealTree ├── html-comment-regex@1.1.1
113 silly idealTree ├── html-entities@1.2.1
113 silly idealTree ├── http-deceiver@1.2.7
113 silly idealTree ├─┬ http-errors@1.6.2
113 silly idealTree │ └── setprototypeof@1.0.3
113 silly idealTree ├── http-parser-js@0.4.9
113 silly idealTree ├─┬ http-proxy-middleware@0.17.4
113 silly idealTree │ ├── is-extglob@2.1.1
113 silly idealTree │ └── is-glob@3.1.0
113 silly idealTree ├── http-proxy@1.16.2
113 silly idealTree ├── http-signature@1.2.0
113 silly idealTree ├── https-browserify@1.0.0
113 silly idealTree ├── iconv-lite@0.4.19
113 silly idealTree ├── icss-replace-symbols@1.1.0
113 silly idealTree ├─┬ icss-utils@2.1.0
113 silly idealTree │ ├── ansi-styles@3.2.0
113 silly idealTree │ ├── chalk@2.3.0
113 silly idealTree │ ├── has-flag@2.0.0
113 silly idealTree │ ├── postcss@6.0.14
113 silly idealTree │ ├── source-map@0.6.1
113 silly idealTree │ └── supports-color@4.5.0
113 silly idealTree ├── ieee754@1.1.8
113 silly idealTree ├── import-local@0.1.1
113 silly idealTree ├── in-publish@2.0.0
113 silly idealTree ├── indent-string@2.1.0
113 silly idealTree ├── indexes-of@1.0.1
113 silly idealTree ├── indexof@0.0.1
113 silly idealTree ├── inflight@1.0.6
113 silly idealTree ├── inherits@2.0.3
113 silly idealTree ├── internal-ip@1.2.0
113 silly idealTree ├── interpret@1.0.4
113 silly idealTree ├── invert-kv@1.0.0
113 silly idealTree ├── iojs@1.0.0
113 silly idealTree ├── iota-array@1.0.0
113 silly idealTree ├── ip@1.1.5
113 silly idealTree ├── ipaddr.js@1.5.2
113 silly idealTree ├── is-absolute-url@2.1.0
113 silly idealTree ├── is-arrayish@0.2.1
113 silly idealTree ├── is-binary-path@1.0.1
113 silly idealTree ├── is-buffer@1.1.6
113 silly idealTree ├── is-builtin-module@1.0.0
113 silly idealTree ├── is-callable@1.1.3
113 silly idealTree ├── is-date-object@1.0.1
113 silly idealTree ├── is-dotfile@1.0.3
113 silly idealTree ├── is-equal-shallow@0.1.3
113 silly idealTree ├── is-extendable@0.1.1
113 silly idealTree ├── is-extglob@1.0.0
113 silly idealTree ├── is-finite@1.0.2
113 silly idealTree ├── is-fullwidth-code-point@1.0.0
113 silly idealTree ├── is-glob@2.0.1
113 silly idealTree ├── is-number@2.1.0
113 silly idealTree ├── is-path-cwd@1.0.0
113 silly idealTree ├── is-path-in-cwd@1.0.0
113 silly idealTree ├── is-path-inside@1.0.0
113 silly idealTree ├── is-plain-obj@1.1.0
113 silly idealTree ├── is-plain-object@2.0.4
113 silly idealTree ├── is-posix-bracket@0.1.1
113 silly idealTree ├── is-primitive@2.0.0
113 silly idealTree ├── is-regex@1.0.4
113 silly idealTree ├── is-stream@1.1.0
113 silly idealTree ├── is-svg@2.1.0
113 silly idealTree ├── is-symbol@1.0.1
113 silly idealTree ├── is-typedarray@1.0.0
113 silly idealTree ├── is-utf8@0.2.1
113 silly idealTree ├── is-wsl@1.1.0
113 silly idealTree ├── isarray@1.0.0
113 silly idealTree ├── isexe@2.0.0
113 silly idealTree ├── isobject@3.0.1
113 silly idealTree ├── isstream@0.1.2
113 silly idealTree ├── jpeg-js@0.1.2
113 silly idealTree ├── jquery-placeholder@2.1.1
113 silly idealTree ├── jquery@2.2.4
113 silly idealTree ├── js-base64@2.3.2
113 silly idealTree ├── js-tokens@3.0.2
113 silly idealTree ├── js-yaml@3.7.0
113 silly idealTree ├── jsbn@0.1.1
113 silly idealTree ├── jsesc@0.5.0
113 silly idealTree ├── json-content-demux@0.1.3
113 silly idealTree ├── json-loader@0.5.7
113 silly idealTree ├── json-schema-traverse@0.3.1
113 silly idealTree ├── json-schema@0.2.3
113 silly idealTree ├── json-stringify-safe@5.0.1
113 silly idealTree ├── json3@3.3.2
113 silly idealTree ├── json5@0.5.1
113 silly idealTree ├── jsprim@1.4.1
113 silly idealTree ├── killable@1.0.0
113 silly idealTree ├── kind-of@3.2.2
113 silly idealTree ├── last-call-webpack-plugin@2.1.2
113 silly idealTree ├── layout@2.2.0
113 silly idealTree ├── lazy-cache@0.2.7
113 silly idealTree ├── lcid@1.0.0
113 silly idealTree ├─┬ load-json-file@2.0.0
113 silly idealTree │ └── pify@2.3.0
113 silly idealTree ├── loader-runner@2.3.0
113 silly idealTree ├── loader-utils@1.1.0
113 silly idealTree ├── locate-path@2.0.0
113 silly idealTree ├── lodash.assign@4.2.0
113 silly idealTree ├── lodash.camelcase@4.3.0
113 silly idealTree ├── lodash.clonedeep@4.5.0
113 silly idealTree ├── lodash.memoize@4.1.2
113 silly idealTree ├── lodash.mergewith@4.6.0
113 silly idealTree ├── lodash.tail@4.1.1
113 silly idealTree ├── lodash.union@4.6.0
113 silly idealTree ├── lodash.uniq@4.5.0
113 silly idealTree ├── lodash@4.17.4
113 silly idealTree ├── loglevel@1.6.0
113 silly idealTree ├── longest@1.0.1
113 silly idealTree ├── loud-rejection@1.6.0
113 silly idealTree ├── lru-cache@4.1.1
113 silly idealTree ├── macaddress@0.2.8
113 silly idealTree ├── map-obj@1.0.1
113 silly idealTree ├── math-expression-evaluator@1.2.17
113 silly idealTree ├─┬ md5.js@1.3.4
113 silly idealTree │ └── hash-base@3.0.4
113 silly idealTree ├── media-typer@0.3.0
113 silly idealTree ├── mem@1.1.0
113 silly idealTree ├── memory-fs@0.4.1
113 silly idealTree ├─┬ meow@3.7.0
113 silly idealTree │ ├── find-up@1.1.2
113 silly idealTree │ ├── load-json-file@1.1.0
113 silly idealTree │ ├── minimist@1.2.0
113 silly idealTree │ ├── path-exists@2.1.0
113 silly idealTree │ ├── path-type@1.1.0
113 silly idealTree │ ├── pify@2.3.0
113 silly idealTree │ ├── read-pkg-up@1.0.1
113 silly idealTree │ ├── read-pkg@1.1.0
113 silly idealTree │ └── strip-bom@2.0.0
113 silly idealTree ├── merge-descriptors@1.0.1
113 silly idealTree ├── methods@1.1.2
113 silly idealTree ├── micromatch@2.3.11
113 silly idealTree ├── miller-rabin@4.0.1
113 silly idealTree ├── mime-db@1.30.0
113 silly idealTree ├── mime-types@2.1.17
113 silly idealTree ├── mime@1.4.1
113 silly idealTree ├── mimic-fn@1.1.0
113 silly idealTree ├── minimalistic-assert@1.0.0
113 silly idealTree ├── minimalistic-crypto-utils@1.0.1
113 silly idealTree ├── minimatch@3.0.4
113 silly idealTree ├── minimist@0.0.8
113 silly idealTree ├─┬ mixin-object@2.0.1
113 silly idealTree │ └── for-in@0.1.8
113 silly idealTree ├── mkdirp@0.5.1
113 silly idealTree ├── ms@2.0.0
113 silly idealTree ├── multicast-dns-service-types@1.1.0
113 silly idealTree ├── multicast-dns@6.1.1
113 silly idealTree ├── nan@2.8.0
113 silly idealTree ├── ndarray-fill@1.0.2
113 silly idealTree ├── ndarray-ops@1.2.2
113 silly idealTree ├── ndarray-pack@1.2.1
113 silly idealTree ├── ndarray@1.0.18
113 silly idealTree ├── negotiator@0.6.1
113 silly idealTree ├── node-bin-setup@1.0.6
113 silly idealTree ├── node-bitmap@0.0.1
113 silly idealTree ├── node-forge@0.6.33
113 silly idealTree ├─┬ node-gyp@3.6.2
113 silly idealTree │ └── semver@5.3.0
113 silly idealTree ├── node-libs-browser@2.1.0
113 silly idealTree ├─┬ node-sass@4.6.1
113 silly idealTree │ └── cross-spawn@3.0.1
113 silly idealTree ├── node@0.12.0
113 silly idealTree ├── nopt@3.0.6
113 silly idealTree ├── normalize-package-data@2.4.0
113 silly idealTree ├── normalize-path@2.1.1
113 silly idealTree ├── normalize-range@0.1.2
113 silly idealTree ├── normalize-url@1.9.1
113 silly idealTree ├── npm-run-path@2.0.2
113 silly idealTree ├── npmlog@4.1.2
113 silly idealTree ├── num2fraction@1.2.2
113 silly idealTree ├── number-is-nan@1.0.1
113 silly idealTree ├── oauth-sign@0.8.2
113 silly idealTree ├── obj-extend@0.1.0
113 silly idealTree ├── object-assign@4.1.1
113 silly idealTree ├── object-inspect@0.4.0
113 silly idealTree ├── object-keys@1.0.11
113 silly idealTree ├─┬ object.omit@2.0.1
113 silly idealTree │ └── for-own@0.1.5
113 silly idealTree ├── obuf@1.1.1
113 silly idealTree ├── omggif@1.0.8
113 silly idealTree ├── on-finished@2.3.0
113 silly idealTree ├── on-headers@1.0.1
113 silly idealTree ├── once@1.4.0
113 silly idealTree ├── opn@5.1.0
113 silly idealTree ├── optimist@0.6.1
113 silly idealTree ├── optimize-css-assets-webpack-plugin@3.2.0
113 silly idealTree ├─┬ original@1.0.0
113 silly idealTree │ └── url-parse@1.0.5
113 silly idealTree ├── os-browserify@0.3.0
113 silly idealTree ├── os-homedir@1.0.2
113 silly idealTree ├── os-locale@2.1.0
113 silly idealTree ├── os-tmpdir@1.0.2
113 silly idealTree ├── osenv@0.1.4
113 silly idealTree ├── p-finally@1.0.0
113 silly idealTree ├── p-limit@1.1.0
113 silly idealTree ├── p-locate@2.0.0
113 silly idealTree ├── p-map@1.2.0
113 silly idealTree ├── pako@1.0.6
113 silly idealTree ├── parse-asn1@5.1.0
113 silly idealTree ├── parse-data-uri@0.2.0
113 silly idealTree ├── parse-glob@3.0.4
113 silly idealTree ├── parse-json@2.2.0
113 silly idealTree ├── parseurl@1.3.2
113 silly idealTree ├── path-browserify@0.0.0
113 silly idealTree ├── path-exists@3.0.0
113 silly idealTree ├── path-is-absolute@1.0.1
113 silly idealTree ├── path-is-inside@1.0.2
113 silly idealTree ├── path-key@2.0.1
113 silly idealTree ├── path-to-regexp@0.1.7
113 silly idealTree ├─┬ path-type@2.0.0
113 silly idealTree │ └── pify@2.3.0
113 silly idealTree ├── pbkdf2@3.0.14
113 silly idealTree ├── performance-now@2.1.0
113 silly idealTree ├── pify@3.0.0
113 silly idealTree ├── pinkie-promise@2.0.1
113 silly idealTree ├── pinkie@2.0.4
113 silly idealTree ├─┬ pixelsmith@2.1.3
113 silly idealTree │ └── async@0.9.2
113 silly idealTree ├── pkg-dir@2.0.0
113 silly idealTree ├── pngjs-nozlib@1.0.0
113 silly idealTree ├── pngjs@2.3.1
113 silly idealTree ├─┬ portfinder@1.0.13
113 silly idealTree │ ├── async@1.5.2
113 silly idealTree │ └── debug@2.6.9
113 silly idealTree ├── postcss-calc@5.3.1
113 silly idealTree ├── postcss-colormin@2.2.2
113 silly idealTree ├── postcss-convert-values@2.6.1
113 silly idealTree ├── postcss-discard-comments@2.0.4
113 silly idealTree ├── postcss-discard-duplicates@2.1.0
113 silly idealTree ├── postcss-discard-empty@2.1.0
113 silly idealTree ├── postcss-discard-overridden@0.1.1
113 silly idealTree ├── postcss-discard-unused@2.2.3
113 silly idealTree ├── postcss-filter-plugins@2.0.2
113 silly idealTree ├── postcss-merge-idents@2.1.7
113 silly idealTree ├── postcss-merge-longhand@2.0.2
113 silly idealTree ├── postcss-merge-rules@2.1.2
113 silly idealTree ├── postcss-message-helpers@2.0.0
113 silly idealTree ├── postcss-minify-font-values@1.0.5
113 silly idealTree ├── postcss-minify-gradients@1.0.5
113 silly idealTree ├── postcss-minify-params@1.2.2
113 silly idealTree ├── postcss-minify-selectors@2.1.1
113 silly idealTree ├─┬ postcss-modules-extract-imports@1.1.0
113 silly idealTree │ ├── ansi-styles@3.2.0
113 silly idealTree │ ├── chalk@2.3.0
113 silly idealTree │ ├── has-flag@2.0.0
113 silly idealTree │ ├── postcss@6.0.14
113 silly idealTree │ ├── source-map@0.6.1
113 silly idealTree │ └── supports-color@4.5.0
113 silly idealTree ├─┬ postcss-modules-local-by-default@1.2.0
113 silly idealTree │ ├── ansi-styles@3.2.0
113 silly idealTree │ ├── chalk@2.3.0
113 silly idealTree │ ├── has-flag@2.0.0
113 silly idealTree │ ├── postcss@6.0.14
113 silly idealTree │ ├── source-map@0.6.1
113 silly idealTree │ └── supports-color@4.5.0
113 silly idealTree ├─┬ postcss-modules-scope@1.1.0
113 silly idealTree │ ├── ansi-styles@3.2.0
113 silly idealTree │ ├── chalk@2.3.0
113 silly idealTree │ ├── has-flag@2.0.0
113 silly idealTree │ ├── postcss@6.0.14
113 silly idealTree │ ├── source-map@0.6.1
113 silly idealTree │ └── supports-color@4.5.0
113 silly idealTree ├─┬ postcss-modules-values@1.3.0
113 silly idealTree │ ├── ansi-styles@3.2.0
113 silly idealTree │ ├── chalk@2.3.0
113 silly idealTree │ ├── has-flag@2.0.0
113 silly idealTree │ ├── postcss@6.0.14
113 silly idealTree │ ├── source-map@0.6.1
113 silly idealTree │ └── supports-color@4.5.0
113 silly idealTree ├── postcss-normalize-charset@1.1.1
113 silly idealTree ├── postcss-normalize-url@3.0.8
113 silly idealTree ├── postcss-ordered-values@2.2.3
113 silly idealTree ├── postcss-reduce-idents@2.4.0
113 silly idealTree ├── postcss-reduce-initial@1.0.1
113 silly idealTree ├── postcss-reduce-transforms@1.0.4
113 silly idealTree ├── postcss-selector-parser@2.2.3
113 silly idealTree ├── postcss-svgo@2.1.6
113 silly idealTree ├── postcss-unique-selectors@2.0.2
113 silly idealTree ├── postcss-value-parser@3.3.0
113 silly idealTree ├── postcss-zindex@2.2.0
113 silly idealTree ├─┬ postcss@5.2.18
113 silly idealTree │ └── supports-color@3.2.3
113 silly idealTree ├── prepend-http@1.0.4
113 silly idealTree ├── preserve@0.2.0
113 silly idealTree ├── process-nextick-args@1.0.7
113 silly idealTree ├── process@0.11.10
113 silly idealTree ├── proxy-addr@2.0.2
113 silly idealTree ├── prr@0.0.0
113 silly idealTree ├── pseudomap@1.0.2
113 silly idealTree ├── public-encrypt@4.0.0
113 silly idealTree ├── punycode@1.4.1
113 silly idealTree ├── q@1.5.1
113 silly idealTree ├── qs@6.5.1
113 silly idealTree ├── query-string@4.3.4
113 silly idealTree ├── querystring-es3@0.2.1
113 silly idealTree ├── querystring@0.2.0
113 silly idealTree ├── querystringify@0.0.4
113 silly idealTree ├─┬ quote-stream@0.0.0
113 silly idealTree │ ├── isarray@0.0.1
113 silly idealTree │ ├── object-keys@0.4.0
113 silly idealTree │ ├── readable-stream@1.0.34
113 silly idealTree │ ├── string_decoder@0.10.31
113 silly idealTree │ ├── through2@0.4.2
113 silly idealTree │ └── xtend@2.1.2
113 silly idealTree ├─┬ randomatic@1.1.7
113 silly idealTree │ ├─┬ is-number@3.0.0
113 silly idealTree │ │ └── kind-of@3.2.2
113 silly idealTree │ └── kind-of@4.0.0
113 silly idealTree ├── randombytes@2.0.5
113 silly idealTree ├── randomfill@1.0.3
113 silly idealTree ├── range-parser@1.2.0
113 silly idealTree ├── raw-body@2.3.2
113 silly idealTree ├── read-pkg-up@2.0.0
113 silly idealTree ├── read-pkg@2.0.0
113 silly idealTree ├── readable-stream@2.3.3
113 silly idealTree ├── readdirp@2.1.0
113 silly idealTree ├── recursive-readdir-sync@1.0.6
113 silly idealTree ├── redent@1.0.0
113 silly idealTree ├── reduce-css-calc@1.3.0
113 silly idealTree ├── reduce-function-call@1.0.2
113 silly idealTree ├── regenerate@1.3.3
113 silly idealTree ├── regex-cache@0.4.4
113 silly idealTree ├── regexpu-core@1.0.0
113 silly idealTree ├── regjsgen@0.2.0
113 silly idealTree ├── regjsparser@0.1.5
113 silly idealTree ├── remove-trailing-separator@1.1.0
113 silly idealTree ├── repeat-element@1.1.2
113 silly idealTree ├── repeat-string@1.6.1
113 silly idealTree ├── repeating@2.0.1
113 silly idealTree ├── replace-ext@0.0.1
113 silly idealTree ├─┬ request@2.83.0
113 silly idealTree │ └── uuid@3.1.0
113 silly idealTree ├── require-directory@2.1.1
113 silly idealTree ├── require-main-filename@1.0.1
113 silly idealTree ├── requires-port@1.0.0
113 silly idealTree ├── resolve-cwd@2.0.0
113 silly idealTree ├── resolve-from@3.0.0
113 silly idealTree ├── right-align@0.1.3
113 silly idealTree ├── rimraf@2.6.2
113 silly idealTree ├── ripemd160@2.0.1
113 silly idealTree ├── safe-buffer@5.1.1
113 silly idealTree ├─┬ sass-graph@2.2.4
113 silly idealTree │ ├── camelcase@3.0.0
113 silly idealTree │ ├── cliui@3.2.0
113 silly idealTree │ ├── find-up@1.1.2
113 silly idealTree │ ├── load-json-file@1.1.0
113 silly idealTree │ ├── os-locale@1.4.0
113 silly idealTree │ ├── path-exists@2.1.0
113 silly idealTree │ ├── path-type@1.1.0
113 silly idealTree │ ├── pify@2.3.0
113 silly idealTree │ ├── read-pkg-up@1.0.1
113 silly idealTree │ ├── read-pkg@1.1.0
113 silly idealTree │ ├── string-width@1.0.2
113 silly idealTree │ ├── strip-bom@2.0.0
113 silly idealTree │ ├── which-module@1.0.0
113 silly idealTree │ ├── yargs-parser@5.0.0
113 silly idealTree │ └── yargs@7.1.0
113 silly idealTree ├── sass-loader@6.0.6
113 silly idealTree ├─┬ save-pixels@2.3.4
113 silly idealTree │ └── jpeg-js@0.0.4
113 silly idealTree ├── sax@1.2.4
113 silly idealTree ├── schema-utils@0.3.0
113 silly idealTree ├─┬ scss-tokenizer@0.2.3
113 silly idealTree │ └── source-map@0.4.4
113 silly idealTree ├── select-hose@2.0.0
113 silly idealTree ├── select@1.1.2
113 silly idealTree ├── selfsigned@1.10.1
113 silly idealTree ├── semver@5.4.1
113 silly idealTree ├─┬ send@0.16.1
113 silly idealTree │ └── debug@2.6.9
113 silly idealTree ├─┬ serve-index@1.9.1
113 silly idealTree │ └── debug@2.6.9
113 silly idealTree ├── serve-static@1.13.1
113 silly idealTree ├── set-blocking@2.0.0
113 silly idealTree ├── set-immediate-shim@1.0.1
113 silly idealTree ├── setimmediate@1.0.5
113 silly idealTree ├── setprototypeof@1.1.0
113 silly idealTree ├── sha.js@2.4.9
113 silly idealTree ├─┬ shallow-clone@0.1.2
113 silly idealTree │ └── kind-of@2.0.1
113 silly idealTree ├── shallow-copy@0.0.1
113 silly idealTree ├── shebang-command@1.2.0
113 silly idealTree ├── shebang-regex@1.0.0
113 silly idealTree ├── signal-exit@3.0.2
113 silly idealTree ├── sntp@2.1.0
113 silly idealTree ├─┬ sockjs-client@1.1.4
113 silly idealTree │ ├── debug@2.6.9
113 silly idealTree │ └── faye-websocket@0.11.1
113 silly idealTree ├── sockjs@0.3.18
113 silly idealTree ├── sort-keys@1.1.2
113 silly idealTree ├── source-list-map@2.0.0
113 silly idealTree ├── source-map@0.5.7
113 silly idealTree ├── spdx-correct@1.0.2
113 silly idealTree ├── spdx-expression-parse@1.0.4
113 silly idealTree ├── spdx-license-ids@1.2.2
113 silly idealTree ├─┬ spdy-transport@2.0.20
113 silly idealTree │ └── debug@2.6.9
113 silly idealTree ├─┬ spdy@3.4.7
113 silly idealTree │ └── debug@2.6.9
113 silly idealTree ├── sprintf-js@1.0.3
113 silly idealTree ├── spritesheet-templates@10.2.2
113 silly idealTree ├─┬ spritesmith@3.2.1
113 silly idealTree │ └── semver@5.0.3
113 silly idealTree ├── sshpk@1.13.1
113 silly idealTree ├─┬ static-eval@0.2.4
113 silly idealTree │ ├── escodegen@0.0.28
113 silly idealTree │ ├── esprima@1.0.4
113 silly idealTree │ └── estraverse@1.3.2
113 silly idealTree ├─┬ static-module@1.5.0
113 silly idealTree │ ├─┬ concat-stream@1.6.0
113 silly idealTree │ │ └── readable-stream@2.3.3
113 silly idealTree │ ├── object-keys@0.4.0
113 silly idealTree │ ├─┬ readable-stream@1.0.34
113 silly idealTree │ │ ├── isarray@0.0.1
113 silly idealTree │ │ └── string_decoder@0.10.31
113 silly idealTree │ ├── through2@0.4.2
113 silly idealTree │ └── xtend@2.1.2
113 silly idealTree ├── statuses@1.3.1
113 silly idealTree ├── stdout-stream@1.4.0
113 silly idealTree ├── stream-browserify@2.0.1
113 silly idealTree ├── stream-http@2.7.2
113 silly idealTree ├── strict-uri-encode@1.1.0
113 silly idealTree ├── string_decoder@1.0.3
113 silly idealTree ├─┬ string-width@2.1.1
113 silly idealTree │ ├── ansi-regex@3.0.0
113 silly idealTree │ ├── is-fullwidth-code-point@2.0.0
113 silly idealTree │ └── strip-ansi@4.0.0
113 silly idealTree ├── stringstream@0.0.5
113 silly idealTree ├── strip-ansi@3.0.1
113 silly idealTree ├─┬ strip-bom-stream@1.0.0
113 silly idealTree │ └── strip-bom@2.0.0
113 silly idealTree ├── strip-bom@3.0.0
113 silly idealTree ├── strip-eof@1.0.0
113 silly idealTree ├── strip-indent@1.0.1
113 silly idealTree ├── style-loader@0.19.0
113 silly idealTree ├── supports-color@2.0.0
113 silly idealTree ├── svgo@0.7.2
113 silly idealTree ├── tapable@0.2.8
113 silly idealTree ├── tar@2.2.1
113 silly idealTree ├── through@2.3.8
113 silly idealTree ├── through2@2.0.3
113 silly idealTree ├── thunky@0.1.0
113 silly idealTree ├── time-stamp@2.0.0
113 silly idealTree ├── timers-browserify@2.0.4
113 silly idealTree ├── tiny-emitter@2.0.2
113 silly idealTree ├── to-arraybuffer@1.0.1
113 silly idealTree ├── tough-cookie@2.3.3
113 silly idealTree ├── trim-newlines@1.0.0
113 silly idealTree ├── tty-browserify@0.0.0
113 silly idealTree ├── tunnel-agent@0.6.0
113 silly idealTree ├── tweetnacl@0.14.5
113 silly idealTree ├── type-is@1.6.15
113 silly idealTree ├── typedarray@0.0.6
113 silly idealTree ├─┬ uglify-js@2.8.29
113 silly idealTree │ └── yargs@3.10.0
113 silly idealTree ├── uglify-to-browserify@1.0.2
113 silly idealTree ├── uglifyjs-webpack-plugin@0.4.6
113 silly idealTree ├── underscore.string@3.0.3
113 silly idealTree ├── underscore@1.4.4
113 silly idealTree ├── uniq@1.0.1
113 silly idealTree ├── uniqid@4.1.1
113 silly idealTree ├── uniqs@2.0.0
113 silly idealTree ├── unpipe@1.0.0
113 silly idealTree ├── url-loader@0.6.2
113 silly idealTree ├─┬ url-parse@1.2.0
113 silly idealTree │ └── querystringify@1.0.0
113 silly idealTree ├─┬ url@0.11.0
113 silly idealTree │ └── punycode@1.3.2
113 silly idealTree ├── util-deprecate@1.0.2
113 silly idealTree ├─┬ util@0.10.3
113 silly idealTree │ └── inherits@2.0.1
113 silly idealTree ├── utils-merge@1.0.1
113 silly idealTree ├── uuid@2.0.3
113 silly idealTree ├── validate-npm-package-license@3.0.1
113 silly idealTree ├── vary@1.1.2
113 silly idealTree ├── vendors@1.0.1
113 silly idealTree ├── verror@1.10.0
113 silly idealTree ├─┬ vinyl-file@1.3.0
113 silly idealTree │ └── strip-bom@2.0.0
113 silly idealTree ├── vinyl@1.2.0
113 silly idealTree ├── vm-browserify@0.0.4
113 silly idealTree ├── watchpack@1.4.0
113 silly idealTree ├── wbuf@1.7.2
113 silly idealTree ├─┬ webpack-cleanup-plugin@0.5.1
113 silly idealTree │ └── minimatch@3.0.3
113 silly idealTree ├── webpack-dev-middleware@1.12.0
113 silly idealTree ├─┬ webpack-dev-server@2.9.4
113 silly idealTree │ ├── camelcase@3.0.0
113 silly idealTree │ ├── cliui@3.2.0
113 silly idealTree │ ├── find-up@1.1.2
113 silly idealTree │ ├── has-flag@2.0.0
113 silly idealTree │ ├── load-json-file@1.1.0
113 silly idealTree │ ├── os-locale@1.4.0
113 silly idealTree │ ├── path-exists@2.1.0
113 silly idealTree │ ├── path-type@1.1.0
113 silly idealTree │ ├── pify@2.3.0
113 silly idealTree │ ├── read-pkg-up@1.0.1
113 silly idealTree │ ├── read-pkg@1.1.0
113 silly idealTree │ ├── string-width@1.0.2
113 silly idealTree │ ├── strip-bom@2.0.0
113 silly idealTree │ ├── supports-color@4.5.0
113 silly idealTree │ ├── which-module@1.0.0
113 silly idealTree │ ├── yargs-parser@4.2.1
113 silly idealTree │ └── yargs@6.6.0
113 silly idealTree ├─┬ webpack-sources@1.0.2
113 silly idealTree │ └── source-map@0.6.1
113 silly idealTree ├── webpack-spritesmith@0.3.3
113 silly idealTree ├─┬ webpack@3.8.1
113 silly idealTree │ ├── has-flag@2.0.0
113 silly idealTree │ └── supports-color@4.5.0
113 silly idealTree ├── websocket-driver@0.7.0
113 silly idealTree ├── websocket-extensions@0.1.3
113 silly idealTree ├── whet.extend@0.9.9
113 silly idealTree ├── which-module@2.0.0
113 silly idealTree ├── which@1.3.0
113 silly idealTree ├─┬ wide-align@1.1.2
113 silly idealTree │ └── string-width@1.0.2
113 silly idealTree ├── window-size@0.1.0
113 silly idealTree ├── wordwrap@0.0.2
113 silly idealTree ├─┬ wrap-ansi@2.1.0
113 silly idealTree │ └── string-width@1.0.2
113 silly idealTree ├── wrappy@1.0.2
113 silly idealTree ├── xtend@4.0.1
113 silly idealTree ├── y18n@3.2.1
113 silly idealTree ├── yallist@2.1.2
113 silly idealTree ├─┬ yargs-parser@7.0.0
113 silly idealTree │ └── camelcase@4.1.0
113 silly idealTree └─┬ yargs@8.0.2
113 silly idealTree   ├── camelcase@4.1.0
113 silly idealTree   └─┬ cliui@3.2.0
113 silly idealTree     └── string-width@1.0.2
114 silly generateActionsToTake Starting
115 silly install generateActionsToTake
116 silly generateActionsToTake Finishing
117 silly diffTrees action count 2
118 silly diffTrees add node-bin-setup@1.0.6
119 silly diffTrees add node@0.12.0
120 silly decomposeActions action count 16
121 silly decomposeActions fetch node-bin-setup@1.0.6
122 silly decomposeActions extract node-bin-setup@1.0.6
123 silly decomposeActions test node-bin-setup@1.0.6
124 silly decomposeActions preinstall node-bin-setup@1.0.6
125 silly decomposeActions build node-bin-setup@1.0.6
126 silly decomposeActions install node-bin-setup@1.0.6
127 silly decomposeActions postinstall node-bin-setup@1.0.6
128 silly decomposeActions finalize node-bin-setup@1.0.6
129 silly decomposeActions fetch node@0.12.0
130 silly decomposeActions extract node@0.12.0
131 silly decomposeActions test node@0.12.0
132 silly decomposeActions preinstall node@0.12.0
133 silly decomposeActions build node@0.12.0
134 silly decomposeActions install node@0.12.0
135 silly decomposeActions postinstall node@0.12.0
136 silly decomposeActions finalize node@0.12.0
137 silly runTopLevelLifecycles Starting
138 silly install runPreinstallTopLevelLifecycles
139 silly preinstall one-time-secret@1.0.0 /Users/rhys/Desktop/Projects/Finals/onetimesecret/one-time-secret-141b1ba7
140 info lifecycle one-time-secret@1.0.0~preinstall: one-time-secret@1.0.0
141 silly lifecycle one-time-secret@1.0.0~preinstall: no script for preinstall, continuing
142 silly executeActions Starting
143 silly install executeActions
144 silly doSerial global-install 0
145 silly doParallel fetch 2
146 verbose correctMkdir /Users/rhys/.npm/_locks correctMkdir not in flight; initializing
147 verbose lock using /Users/rhys/.npm/_locks/staging-1e98485ca402393b.lock for /Users/rhys/Desktop/Projects/Finals/onetimesecret/node_modules/.staging
148 silly doParallel extract 2
149 silly extract node-bin-setup@1.0.6
150 silly extract node@0.12.0
151 verbose unbuild node_modules/.staging/node-bin-setup-267d57b6
152 verbose unbuild node_modules/.staging/node-52014136
153 silly gentlyRm /Users/rhys/Desktop/Projects/Finals/onetimesecret/node_modules/.staging/node-bin-setup-267d57b6 is being purged from base /Users/rhys/Desktop/Projects/Finals/onetimesecret
154 verbose gentlyRm don't care about contents; nuking /Users/rhys/Desktop/Projects/Finals/onetimesecret/node_modules/.staging/node-bin-setup-267d57b6
155 silly gentlyRm /Users/rhys/Desktop/Projects/Finals/onetimesecret/node_modules/.staging/node-52014136 is being purged from base /Users/rhys/Desktop/Projects/Finals/onetimesecret
156 verbose gentlyRm don't care about contents; nuking /Users/rhys/Desktop/Projects/Finals/onetimesecret/node_modules/.staging/node-52014136
157 verbose tar unpack /Users/rhys/.npm/node-bin-setup/1.0.6/package.tgz
158 verbose tar unpacking to /Users/rhys/Desktop/Projects/Finals/onetimesecret/node_modules/.staging/node-bin-setup-267d57b6
159 silly gentlyRm /Users/rhys/Desktop/Projects/Finals/onetimesecret/node_modules/.staging/node-bin-setup-267d57b6 is being purged
160 verbose gentlyRm don't care about contents; nuking /Users/rhys/Desktop/Projects/Finals/onetimesecret/node_modules/.staging/node-bin-setup-267d57b6
161 verbose tar unpack /Users/rhys/.npm/node/0.12.0/package.tgz
162 verbose tar unpacking to /Users/rhys/Desktop/Projects/Finals/onetimesecret/node_modules/.staging/node-52014136
163 silly gentlyRm /Users/rhys/Desktop/Projects/Finals/onetimesecret/node_modules/.staging/node-52014136 is being purged
164 verbose gentlyRm don't care about contents; nuking /Users/rhys/Desktop/Projects/Finals/onetimesecret/node_modules/.staging/node-52014136
165 silly gunzTarPerm modes [ '755', '644' ]
166 silly gunzTarPerm modes [ '755', '644' ]
167 silly gunzTarPerm extractEntry package.json
168 silly gunzTarPerm extractEntry package.json
169 silly gunzTarPerm extractEntry index.js
170 silly gunzTarPerm extractEntry README.md
171 silly gunzTarPerm extractEntry installArchSpecificPackage.js
172 silly gentlyRm /Users/rhys/Desktop/Projects/Finals/onetimesecret/node_modules/.staging/node-bin-setup-267d57b6/node_modules is being purged
173 verbose gentlyRm don't care about contents; nuking /Users/rhys/Desktop/Projects/Finals/onetimesecret/node_modules/.staging/node-bin-setup-267d57b6/node_modules
174 silly gentlyRm /Users/rhys/Desktop/Projects/Finals/onetimesecret/node_modules/.staging/node-52014136/node_modules is being purged
175 verbose gentlyRm don't care about contents; nuking /Users/rhys/Desktop/Projects/Finals/onetimesecret/node_modules/.staging/node-52014136/node_modules
176 silly doParallel preinstall 2
177 silly preinstall node-bin-setup@1.0.6 /Users/rhys/Desktop/Projects/Finals/onetimesecret/node_modules/.staging/node-bin-setup-267d57b6
178 info lifecycle node-bin-setup@1.0.6~preinstall: node-bin-setup@1.0.6
179 silly preinstall node@0.12.0 /Users/rhys/Desktop/Projects/Finals/onetimesecret/node_modules/.staging/node-52014136
180 info lifecycle node@0.12.0~preinstall: node@0.12.0
181 silly lifecycle node-bin-setup@1.0.6~preinstall: no script for preinstall, continuing
182 verbose lifecycle node@0.12.0~preinstall: unsafe-perm in lifecycle true
183 verbose lifecycle node@0.12.0~preinstall: PATH: /usr/local/lib/node_modules/npm/bin/node-gyp-bin:/Users/rhys/Desktop/Projects/Finals/onetimesecret/node_modules/.staging/node-52014136/node_modules/.bin:/Users/rhys/Desktop/Projects/Finals/onetimesecret/node_modules/.bin:/opt/local/bin:/opt/local/sbin:/Applications/MAMP/bin/php/php7.0.12/bin:/Users/rhys/.rvm/gems/ruby-2.4.1/bin:/Users/rhys/.rvm/gems/ruby-2.4.1@global/bin:/Users/rhys/.rvm/rubies/ruby-2.4.1/bin:/usr/local/bin:/usr/bin:/bin:/usr/sbin:/sbin:/opt/X11/bin:/Users/rhys/.rvm/bin
184 verbose lifecycle node@0.12.0~preinstall: CWD: /Users/rhys/Desktop/Projects/Finals/onetimesecret/node_modules/.staging/node-52014136
185 silly lifecycle node@0.12.0~preinstall: Args: [ '-c', 'node installArchSpecificPackage' ]
186 silly lifecycle node@0.12.0~preinstall: Returned: code: 1  signal: null
187 info lifecycle node@0.12.0~preinstall: Failed to exec preinstall script
188 verbose unlock done using /Users/rhys/.npm/_locks/staging-1e98485ca402393b.lock for /Users/rhys/Desktop/Projects/Finals/onetimesecret/node_modules/.staging
189 silly rollbackFailedOptional Starting
190 silly rollbackFailedOptional Finishing
191 silly runTopLevelLifecycles Finishing
192 silly install printInstalled
193 verbose stack Error: node@0.12.0 preinstall: `node installArchSpecificPackage`
193 verbose stack Exit status 1
193 verbose stack     at EventEmitter.<anonymous> (/usr/local/lib/node_modules/npm/lib/utils/lifecycle.js:255:16)
193 verbose stack     at emitTwo (events.js:106:13)
193 verbose stack     at EventEmitter.emit (events.js:191:7)
193 verbose stack     at ChildProcess.<anonymous> (/usr/local/lib/node_modules/npm/lib/utils/spawn.js:40:14)
193 verbose stack     at emitTwo (events.js:106:13)
193 verbose stack     at ChildProcess.emit (events.js:191:7)
193 verbose stack     at maybeClose (internal/child_process.js:920:16)
193 verbose stack     at Process.ChildProcess._handle.onexit (internal/child_process.js:230:5)
194 verbose pkgid node@0.12.0
195 verbose cwd /Users/rhys/Desktop/Projects/Finals/onetimesecret
196 error Darwin 16.7.0
197 error argv "/usr/local/bin/node" "/usr/local/bin/npm" "install"
198 error node v6.11.5
199 error npm  v3.10.10
200 error code ELIFECYCLE
201 error node@0.12.0 preinstall: `node installArchSpecificPackage`
201 error Exit status 1
202 error Failed at the node@0.12.0 preinstall script 'node installArchSpecificPackage'.
202 error Make sure you have the latest version of node.js and npm installed.
202 error If you do, this is most likely a problem with the node package,
202 error not with npm itself.
202 error Tell the author that this fails on your system:
202 error     node installArchSpecificPackage
202 error You can get information on how to open an issue for this project with:
202 error     npm bugs node
202 error Or if that isn't available, you can get their info via:
202 error     npm owner ls node
202 error There is likely additional logging output above.
203 verbose exit [ 1, true ]
